[2021-12-12 18:51:43.001167] Bootstrap log:
Identified Python 3.8.10 at /usr/bin/python3.8
[Bootstrap] Identified pip 20.0.2 from /usr/lib/python3/dist-packages/pip (python 3.8)' at /usr/bin/python3.8 -m pip
[Bootstrap] Identified 'pipenv, version 2021.11.23' at /usr/bin/python3.8 -m pipenv
[Bootstrap] Running '/usr/bin/python3.8 -m pipenv install --python 3.8' to ensure the existence of a virtual environment.
[Bootstrap] This may take a moment.
Virtualenv already exists!
Removing existing virtualenv...
Creating a virtualenv for this project...
Pipfile: /mnt/c/users/msall/documents/uni/CB/.submitscript/src/Pipfile
Using /usr/bin/python3.8 (3.8.10) to create virtualenv...

⠋ Creating virtual environment...
⠙ Creating virtual environment...
⠹ Creating virtual environment...created virtual environment CPython3.8.10.final.0-64 in 130ms
  creator CPython3Posix(dest=/root/.local/share/virtualenvs/src-iKuWu0KK, clear=False, no_vcs_ignore=False, global=False)
  seeder FromAppData(download=False, pip=bundle, setuptools=bundle, wheel=bundle, via=copy, app_data_dir=/root/.local/share/virtualenv)
    added seed packages: pip==21.3.1, setuptools==58.3.0, wheel==0.37.0
  activators BashActivator,CShellActivator,FishActivator,NushellActivator,PowerShellActivator,PythonActivator

✔ Successfully created virtual environment! 
Virtualenv location: /root/.local/share/virtualenvs/src-iKuWu0KK
Installing dependencies from Pipfile.lock (da6003)...
To activate this project's virtualenv, run pipenv shell.
Alternatively, run a command inside the virtualenv with pipenv run.
[Bootstrap] Running the script in a virtual environment.
/usr/bin/python3.8 -m pipenv run python3 ./main.py

[2021-12-12 18:51:43.001818] === Welcome ===
[2021-12-12 18:51:43.101858] Please review the currently saved information about your team:
[2021-12-12 18:51:43.104399]  1 - First name: Mehmet Duhan; Last name: Tercüman; Matriculation number: 5296149
[2021-12-12 18:51:43.104613]  2 - First name: Samir Faycal Tahar; Last name: M'Sallem; Matriculation number: 5276295
[2021-12-12 18:51:45.033465] 
[2021-12-12 18:51:46.062554] 
[2021-12-12 18:51:46.063165] === Submitting ===
[2021-12-12 18:51:47.038569] 
[2021-12-12 18:51:47.041995] 
[2021-12-12 18:51:47.042181] Selected variant 'Java SPL Compiler' for assignment 'Aufgabe-1'.
[2021-12-12 18:51:49.499352] === Building submission ===
[2021-12-12 18:51:49.499606] Running 'mvn clean compile'.
[2021-12-12 18:51:49.499785] === Building submission finished ===
[2021-12-12 18:52:20.525944] === Cleaning directory for submission ===
[2021-12-12 18:52:20.532895] === Cleaning directory finished ===
[2021-12-12 18:52:20.548953] === Starting Upload ===
[2021-12-12 18:52:20.731749] === Upload finished ===
[2021-12-12 18:52:20.731967] === BEGIN Upload Log
[2021-12-12 18:52:20.732135] [2021-12-12 18:52:21.926121] Received submission 45ed9f9b-7f7d-40bc-b5cc-327288be08e4
[2021-12-12 18:52:21.926692] Ip: 10.196.96.91
[2021-12-12 18:52:21.926890] Team members: [('Tercüman', 'Mehmet Duhan', '5296149'), ("M'Sallem", 'Samir Faycal Tahar', '5276295')]
[2021-12-12 18:52:21.939099] Your submission was ACCEPTED for course 'Compilerbau-ws21', assignment 'Aufgabe-1'.
[2021-12-12 18:52:21.939302] Your submission has the id 45ed9f9b-7f7d-40bc-b5cc-327288be08e4.
[2021-12-12 18:52:21.939835] It will be evaluated shortly. Please check back soon for your results.

[2021-12-12 18:52:20.732300] === END Upload Log
[2021-12-12 18:52:20.732461] Successfully submitted your solution. Please see the upload log above for more details.
[2021-12-12 18:52:20.750840] Polling for results (Press CTRL + C to abort).
[2021-12-12 18:52:20.823769] .
[2021-12-12 18:52:21.900078] .
[2021-12-12 18:52:22.973200] .
[2021-12-12 18:52:24.035166] .
[2021-12-12 18:52:25.100963] .
[2021-12-12 18:52:26.182412] .
[2021-12-12 18:52:27.257658] .
[2021-12-12 18:52:28.328933] .
[2021-12-12 18:52:29.401298] .
[2021-12-12 18:52:30.484141] .
[2021-12-12 18:52:31.553235] .
[2021-12-12 18:52:32.622586] .
[2021-12-12 18:52:33.699306] .
[2021-12-12 18:52:34.776540] .
[2021-12-12 18:52:35.881931] .
[2021-12-12 18:52:36.963443] .
[2021-12-12 18:52:38.042340] .
[2021-12-12 18:52:39.125630] .
[2021-12-12 18:52:40.201683] .
[2021-12-12 18:52:41.301804] .
[2021-12-12 18:52:42.386999] .
[2021-12-12 18:52:43.464716] .
[2021-12-12 18:52:44.765841] 
=== Evaluation results for submission '45ed9f9b-7f7d-40bc-b5cc-327288be08e4' retrieved. ===
[2021-12-12 18:52:44.766085] You achieved the score 0/33 (0%).
[2021-12-12 18:52:44.766287] You have NOT PASSED this assignment.
[2021-12-12 18:52:56.252807] === BEGIN Evaluation Log
[2021-12-12 18:52:56.253524] [2021-12-12 18:52:21.941541] Start of evaluation log for submission '45ed9f9b-7f7d-40bc-b5cc-327288be08e4'.
[2021-12-12 18:52:21.941880] Team member: ('Tercüman', 'Mehmet Duhan', '5296149')
[2021-12-12 18:52:21.942065] Team member: ("M'Sallem", 'Samir Faycal Tahar', '5276295')
[2021-12-12 18:52:21.975021] Preparing the sandbox
[2021-12-12 18:52:22.710937] Unpacking submission in sandbox
[2021-12-12 18:52:23.147263] Building the test subject
[2021-12-12 18:52:23.147632] Identified the Java variant.
[2021-12-12 18:52:23.281335] Building Java solution with maven.
[2021-12-12 18:52:34.406234] Maven log:
WARNING: An illegal reflective access operation has occurred
WARNING: Illegal reflective access by com.google.inject.internal.cglib.core.$ReflectUtils$1 (file:/usr/share/maven/lib/guice.jar) to method java.lang.ClassLoader.defineClass(java.lang.String,byte[],int,int,java.security.ProtectionDomain)
WARNING: Please consider reporting this to the maintainers of com.google.inject.internal.cglib.core.$ReflectUtils$1
WARNING: Use --illegal-access=warn to enable warnings of further illegal reflective access operations
WARNING: All illegal access operations will be denied in a future release
[INFO] Scanning for projects...
[INFO] 
[INFO] --------------< de.thm.mni.compilerbau.spl-reference:spl >--------------
[INFO] Building spl 0.1
[INFO] --------------------------------[ jar ]---------------------------------
[INFO] 
[INFO] --- jflex-maven-plugin:1.7.0:generate (default) @ spl ---
[INFO]   generated /home/solution/java/target/generated-sources/jflex/de/thm/mni/compilerbau/phases/_01_scanner/Scanner.java
[INFO] 
[INFO] --- cup-maven-plugin:11b-20160615:generate (default) @ spl ---
Warning : Non terminal "Var" was declared but never used
Warning : Non terminal "NotEmptyParam" was declared but never used
Warning : Non terminal "TypeExpression" was declared but never used
Warning : Non terminal "BinaryExpression" was declared but never used
Warning : *** Shift/Reduce conflict found in state #91
  between IfStatement ::= IF LPAREN Expression RPAREN Statement (*) 
  and     IfStatement ::= IF LPAREN Expression RPAREN Statement (*) ELSE Statement 
  under symbol ELSE
  Resolved in favor of shifting.

[INFO]   generated /home/solution/java/target/generated-sources/cup/de/thm/mni/compilerbau/phases/_02_03_parser/Parser.java
[INFO]   generated /home/solution/java/target/generated-sources/cup/de/thm/mni/compilerbau/phases/_02_03_parser/Sym.java
[INFO] 
[INFO] --- maven-resources-plugin:2.6:resources (default-resources) @ spl ---
[INFO] Using 'UTF-8' encoding to copy filtered resources.
[INFO] skip non existing resourceDirectory /home/solution/java/src/main/resources
[INFO] 
[INFO] --- maven-compiler-plugin:3.8.0:compile (default-compile) @ spl ---
[INFO] Changes detected - recompiling the module!
[INFO] Compiling 57 source files to /home/solution/java/target/classes
[INFO] /home/solution/java/target/generated-sources/jflex/de/thm/mni/compilerbau/phases/_01_scanner/Scanner.java: /home/solution/java/target/generated-sources/jflex/de/thm/mni/compilerbau/phases/_01_scanner/Scanner.java uses or overrides a deprecated API.
[INFO] /home/solution/java/target/generated-sources/jflex/de/thm/mni/compilerbau/phases/_01_scanner/Scanner.java: Recompile with -Xlint:deprecation for details.
[INFO] /home/solution/java/target/generated-sources/cup/de/thm/mni/compilerbau/phases/_02_03_parser/Parser.java: /home/solution/java/target/generated-sources/cup/de/thm/mni/compilerbau/phases/_02_03_parser/Parser.java uses unchecked or unsafe operations.
[INFO] /home/solution/java/target/generated-sources/cup/de/thm/mni/compilerbau/phases/_02_03_parser/Parser.java: Recompile with -Xlint:unchecked for details.
[INFO] 
[INFO] --- maven-resources-plugin:2.6:testResources (default-testResources) @ spl ---
[INFO] Using 'UTF-8' encoding to copy filtered resources.
[INFO] skip non existing resourceDirectory /home/solution/java/src/test/resources
[INFO] 
[INFO] --- maven-compiler-plugin:3.8.0:testCompile (default-testCompile) @ spl ---
[INFO] No sources to compile
[INFO] 
[INFO] --- maven-surefire-plugin:2.12.4:test (default-test) @ spl ---
[INFO] No tests to run.
[INFO] 
[INFO] --- maven-jar-plugin:2.4:jar (default-jar) @ spl ---
[INFO] Building jar: /home/solution/java/target/spl.jar
[INFO] 
[INFO] --- maven-shade-plugin:3.1.0:shade (default) @ spl ---
[INFO] Including com.github.vbmacher:java-cup-runtime:jar:11b-20160615 in the shaded jar.
[INFO] Replacing original artifact with shaded artifact.
[INFO] Replacing /home/solution/java/target/spl.jar with /home/solution/java/target/spl-0.1-shaded.jar
[INFO] Dependency-reduced POM written at: /home/solution/java/dependency-reduced-pom.xml
[INFO] ------------------------------------------------------------------------
[INFO] BUILD SUCCESS
[INFO] ------------------------------------------------------------------------
[INFO] Total time:  7.999 s
[INFO] Finished at: 2021-12-12T17:52:34Z
[INFO] ------------------------------------------------------------------------
[2021-12-12 18:52:34.554869] Beginning evaluation.
[2021-12-12 18:52:34.555126] Evaluating acker.spl with the submitted solution.
[2021-12-12 18:52:34.875054] Submission exited with exit code 1, which is not allowed. Allowed: [0, 99, 140, 100, 101, 102, 103, 104, 105, 106, 107, 108, 109, 110, 111, 112, 113, 114, 115, 116, 117, 118, 119, 120, 121, 122, 123, 124, 125, 126, 127]
[2021-12-12 18:52:34.875125] Output (stderr) of 'java -jar /home/solution/java/target/spl.jar --absyn /home/tests/acker.spl /home/temp/acker.spl.s' (Limited to 50 lines/10000 characters):
Usage error: Too many positional arguments!
Usage: 'java -jar spl.jar' [OPTION] INPUT_FILE [OUTPUT_FILE]

Executes all compiler phases up to (and including) the specified one.
If no flag is specified, all phases are run and code is written to the output file.
Options:
  --tokens     Phase 1: Scans for tokens and prints them.
  --parse      Phase 2: Parses the stream of tokens to check for syntax errors.
  --absyn      Phase 3: Creates an abstract syntax tree from the input tokens and prints it.
  --tables     Phase 4a: Builds a symbol table and prints its entries.
  --semant     Phase 4b: Performs the semantic analysis.
  --vars       Phase 5: Allocates memory space for variables and prints the amount of allocated memory.
  --ershov     Enable register optimization using the ershov number.
  --doWhile    Enable the do-while statement.
  --help       Show this help.
[2021-12-12 18:52:34.876354] Test not passed.
[2021-12-12 18:52:34.876384] Running Score: 0/1

[2021-12-12 18:52:34.876411] Evaluating arrayasgn.spl with the submitted solution.
[2021-12-12 18:52:35.193691] Submission exited with exit code 1, which is not allowed. Allowed: [0, 99, 140, 100, 101, 102, 103, 104, 105, 106, 107, 108, 109, 110, 111, 112, 113, 114, 115, 116, 117, 118, 119, 120, 121, 122, 123, 124, 125, 126, 127]
[2021-12-12 18:52:35.193771] Output (stderr) of 'java -jar /home/solution/java/target/spl.jar --absyn /home/tests/arrayasgn.spl /home/temp/arrayasgn.spl.s' (Limited to 50 lines/10000 characters):
Usage error: Too many positional arguments!
Usage: 'java -jar spl.jar' [OPTION] INPUT_FILE [OUTPUT_FILE]

Executes all compiler phases up to (and including) the specified one.
If no flag is specified, all phases are run and code is written to the output file.
Options:
  --tokens     Phase 1: Scans for tokens and prints them.
  --parse      Phase 2: Parses the stream of tokens to check for syntax errors.
  --absyn      Phase 3: Creates an abstract syntax tree from the input tokens and prints it.
  --tables     Phase 4a: Builds a symbol table and prints its entries.
  --semant     Phase 4b: Performs the semantic analysis.
  --vars       Phase 5: Allocates memory space for variables and prints the amount of allocated memory.
  --ershov     Enable register optimization using the ershov number.
  --doWhile    Enable the do-while statement.
  --help       Show this help.
[2021-12-12 18:52:35.193892] Test not passed.
[2021-12-12 18:52:35.193910] Running Score: 0/2

[2021-12-12 18:52:35.193935] Evaluating arrayparm.spl with the submitted solution.
[2021-12-12 18:52:35.500392] Submission exited with exit code 1, which is not allowed. Allowed: [0, 99, 140, 100, 101, 102, 103, 104, 105, 106, 107, 108, 109, 110, 111, 112, 113, 114, 115, 116, 117, 118, 119, 120, 121, 122, 123, 124, 125, 126, 127]
[2021-12-12 18:52:35.500460] Output (stderr) of 'java -jar /home/solution/java/target/spl.jar --absyn /home/tests/arrayparm.spl /home/temp/arrayparm.spl.s' (Limited to 50 lines/10000 characters):
Usage error: Too many positional arguments!
Usage: 'java -jar spl.jar' [OPTION] INPUT_FILE [OUTPUT_FILE]

Executes all compiler phases up to (and including) the specified one.
If no flag is specified, all phases are run and code is written to the output file.
Options:
  --tokens     Phase 1: Scans for tokens and prints them.
  --parse      Phase 2: Parses the stream of tokens to check for syntax errors.
  --absyn      Phase 3: Creates an abstract syntax tree from the input tokens and prints it.
  --tables     Phase 4a: Builds a symbol table and prints its entries.
  --semant     Phase 4b: Performs the semantic analysis.
  --vars       Phase 5: Allocates memory space for variables and prints the amount of allocated memory.
  --ershov     Enable register optimization using the ershov number.
  --doWhile    Enable the do-while statement.
  --help       Show this help.
[2021-12-12 18:52:35.501152] Test not passed.
[2021-12-12 18:52:35.501180] Running Score: 0/3

[2021-12-12 18:52:35.501206] Evaluating assignment_without_semicolon.spl with the submitted solution.
[2021-12-12 18:52:35.802737] Submission exited with exit code 1, which is not allowed. Allowed: [0, 99, 140, 100, 101, 102, 103, 104, 105, 106, 107, 108, 109, 110, 111, 112, 113, 114, 115, 116, 117, 118, 119, 120, 121, 122, 123, 124, 125, 126, 127]
[2021-12-12 18:52:35.802805] Output (stderr) of 'java -jar /home/solution/java/target/spl.jar --absyn /home/tests/assignment_without_semicolon.spl /home/temp/assignment_without_semicolon.spl.s' (Limited to 50 lines/10000 characters):
Usage error: Too many positional arguments!
Usage: 'java -jar spl.jar' [OPTION] INPUT_FILE [OUTPUT_FILE]

Executes all compiler phases up to (and including) the specified one.
If no flag is specified, all phases are run and code is written to the output file.
Options:
  --tokens     Phase 1: Scans for tokens and prints them.
  --parse      Phase 2: Parses the stream of tokens to check for syntax errors.
  --absyn      Phase 3: Creates an abstract syntax tree from the input tokens and prints it.
  --tables     Phase 4a: Builds a symbol table and prints its entries.
  --semant     Phase 4b: Performs the semantic analysis.
  --vars       Phase 5: Allocates memory space for variables and prints the amount of allocated memory.
  --ershov     Enable register optimization using the ershov number.
  --doWhile    Enable the do-while statement.
  --help       Show this help.
[2021-12-12 18:52:35.803982] Test not passed.
[2021-12-12 18:52:35.804013] Running Score: 0/4

[2021-12-12 18:52:35.804044] Evaluating bigtest.spl with the submitted solution.
[2021-12-12 18:52:36.132758] Submission exited with exit code 1, which is not allowed. Allowed: [0, 99, 140, 100, 101, 102, 103, 104, 105, 106, 107, 108, 109, 110, 111, 112, 113, 114, 115, 116, 117, 118, 119, 120, 121, 122, 123, 124, 125, 126, 127]
[2021-12-12 18:52:36.132825] Output (stderr) of 'java -jar /home/solution/java/target/spl.jar --absyn /home/tests/bigtest.spl /home/temp/bigtest.spl.s' (Limited to 50 lines/10000 characters):
Usage error: Too many positional arguments!
Usage: 'java -jar spl.jar' [OPTION] INPUT_FILE [OUTPUT_FILE]

Executes all compiler phases up to (and including) the specified one.
If no flag is specified, all phases are run and code is written to the output file.
Options:
  --tokens     Phase 1: Scans for tokens and prints them.
  --parse      Phase 2: Parses the stream of tokens to check for syntax errors.
  --absyn      Phase 3: Creates an abstract syntax tree from the input tokens and prints it.
  --tables     Phase 4a: Builds a symbol table and prints its entries.
  --semant     Phase 4b: Performs the semantic analysis.
  --vars       Phase 5: Allocates memory space for variables and prints the amount of allocated memory.
  --ershov     Enable register optimization using the ershov number.
  --doWhile    Enable the do-while statement.
  --help       Show this help.
[2021-12-12 18:52:36.132943] Test not passed.
[2021-12-12 18:52:36.132965] Running Score: 0/5

[2021-12-12 18:52:36.133002] Evaluating bits.spl with the submitted solution.
[2021-12-12 18:52:36.435546] Submission exited with exit code 1, which is not allowed. Allowed: [0, 99, 140, 100, 101, 102, 103, 104, 105, 106, 107, 108, 109, 110, 111, 112, 113, 114, 115, 116, 117, 118, 119, 120, 121, 122, 123, 124, 125, 126, 127]
[2021-12-12 18:52:36.435617] Output (stderr) of 'java -jar /home/solution/java/target/spl.jar --absyn /home/tests/bits.spl /home/temp/bits.spl.s' (Limited to 50 lines/10000 characters):
Usage error: Too many positional arguments!
Usage: 'java -jar spl.jar' [OPTION] INPUT_FILE [OUTPUT_FILE]

Executes all compiler phases up to (and including) the specified one.
If no flag is specified, all phases are run and code is written to the output file.
Options:
  --tokens     Phase 1: Scans for tokens and prints them.
  --parse      Phase 2: Parses the stream of tokens to check for syntax errors.
  --absyn      Phase 3: Creates an abstract syntax tree from the input tokens and prints it.
  --tables     Phase 4a: Builds a symbol table and prints its entries.
  --semant     Phase 4b: Performs the semantic analysis.
  --vars       Phase 5: Allocates memory space for variables and prints the amount of allocated memory.
  --ershov     Enable register optimization using the ershov number.
  --doWhile    Enable the do-while statement.
  --help       Show this help.
[2021-12-12 18:52:36.435730] Test not passed.
[2021-12-12 18:52:36.435746] Running Score: 0/6

[2021-12-12 18:52:36.436859] Evaluating call_without_semicolon.spl with the submitted solution.
[2021-12-12 18:52:36.740421] Submission exited with exit code 1, which is not allowed. Allowed: [0, 99, 140, 100, 101, 102, 103, 104, 105, 106, 107, 108, 109, 110, 111, 112, 113, 114, 115, 116, 117, 118, 119, 120, 121, 122, 123, 124, 125, 126, 127]
[2021-12-12 18:52:36.740488] Output (stderr) of 'java -jar /home/solution/java/target/spl.jar --absyn /home/tests/call_without_semicolon.spl /home/temp/call_without_semicolon.spl.s' (Limited to 50 lines/10000 characters):
Usage error: Too many positional arguments!
Usage: 'java -jar spl.jar' [OPTION] INPUT_FILE [OUTPUT_FILE]

Executes all compiler phases up to (and including) the specified one.
If no flag is specified, all phases are run and code is written to the output file.
Options:
  --tokens     Phase 1: Scans for tokens and prints them.
  --parse      Phase 2: Parses the stream of tokens to check for syntax errors.
  --absyn      Phase 3: Creates an abstract syntax tree from the input tokens and prints it.
  --tables     Phase 4a: Builds a symbol table and prints its entries.
  --semant     Phase 4b: Performs the semantic analysis.
  --vars       Phase 5: Allocates memory space for variables and prints the amount of allocated memory.
  --ershov     Enable register optimization using the ershov number.
  --doWhile    Enable the do-while statement.
  --help       Show this help.
[2021-12-12 18:52:36.740596] Test not passed.
[2021-12-12 18:52:36.740612] Running Score: 0/7

[2021-12-12 18:52:36.740636] Evaluating drawTest.spl with the submitted solution.
[2021-12-12 18:52:37.060404] Submission exited with exit code 1, which is not allowed. Allowed: [0, 99, 140, 100, 101, 102, 103, 104, 105, 106, 107, 108, 109, 110, 111, 112, 113, 114, 115, 116, 117, 118, 119, 120, 121, 122, 123, 124, 125, 126, 127]
[2021-12-12 18:52:37.060480] Output (stderr) of 'java -jar /home/solution/java/target/spl.jar --absyn /home/tests/drawTest.spl /home/temp/drawTest.spl.s' (Limited to 50 lines/10000 characters):
Usage error: Too many positional arguments!
Usage: 'java -jar spl.jar' [OPTION] INPUT_FILE [OUTPUT_FILE]

Executes all compiler phases up to (and including) the specified one.
If no flag is specified, all phases are run and code is written to the output file.
Options:
  --tokens     Phase 1: Scans for tokens and prints them.
  --parse      Phase 2: Parses the stream of tokens to check for syntax errors.
  --absyn      Phase 3: Creates an abstract syntax tree from the input tokens and prints it.
  --tables     Phase 4a: Builds a symbol table and prints its entries.
  --semant     Phase 4b: Performs the semantic analysis.
  --vars       Phase 5: Allocates memory space for variables and prints the amount of allocated memory.
  --ershov     Enable register optimization using the ershov number.
  --doWhile    Enable the do-while statement.
  --help       Show this help.
[2021-12-12 18:52:37.060598] Test not passed.
[2021-12-12 18:52:37.060616] Running Score: 0/8

[2021-12-12 18:52:37.060646] Evaluating gcd.spl with the submitted solution.
[2021-12-12 18:52:37.372258] Submission exited with exit code 1, which is not allowed. Allowed: [0, 99, 140, 100, 101, 102, 103, 104, 105, 106, 107, 108, 109, 110, 111, 112, 113, 114, 115, 116, 117, 118, 119, 120, 121, 122, 123, 124, 125, 126, 127]
[2021-12-12 18:52:37.372320] Output (stderr) of 'java -jar /home/solution/java/target/spl.jar --absyn /home/tests/gcd.spl /home/temp/gcd.spl.s' (Limited to 50 lines/10000 characters):
Usage error: Too many positional arguments!
Usage: 'java -jar spl.jar' [OPTION] INPUT_FILE [OUTPUT_FILE]

Executes all compiler phases up to (and including) the specified one.
If no flag is specified, all phases are run and code is written to the output file.
Options:
  --tokens     Phase 1: Scans for tokens and prints them.
  --parse      Phase 2: Parses the stream of tokens to check for syntax errors.
  --absyn      Phase 3: Creates an abstract syntax tree from the input tokens and prints it.
  --tables     Phase 4a: Builds a symbol table and prints its entries.
  --semant     Phase 4b: Performs the semantic analysis.
  --vars       Phase 5: Allocates memory space for variables and prints the amount of allocated memory.
  --ershov     Enable register optimization using the ershov number.
  --doWhile    Enable the do-while statement.
  --help       Show this help.
[2021-12-12 18:52:37.372427] Test not passed.
[2021-12-12 18:52:37.372442] Running Score: 0/9

[2021-12-12 18:52:37.372466] Evaluating global_variable.spl with the submitted solution.
[2021-12-12 18:52:37.676528] Submission exited with exit code 1, which is not allowed. Allowed: [0, 99, 140, 100, 101, 102, 103, 104, 105, 106, 107, 108, 109, 110, 111, 112, 113, 114, 115, 116, 117, 118, 119, 120, 121, 122, 123, 124, 125, 126, 127]
[2021-12-12 18:52:37.676596] Output (stderr) of 'java -jar /home/solution/java/target/spl.jar --absyn /home/tests/global_variable.spl /home/temp/global_variable.spl.s' (Limited to 50 lines/10000 characters):
Usage error: Too many positional arguments!
Usage: 'java -jar spl.jar' [OPTION] INPUT_FILE [OUTPUT_FILE]

Executes all compiler phases up to (and including) the specified one.
If no flag is specified, all phases are run and code is written to the output file.
Options:
  --tokens     Phase 1: Scans for tokens and prints them.
  --parse      Phase 2: Parses the stream of tokens to check for syntax errors.
  --absyn      Phase 3: Creates an abstract syntax tree from the input tokens and prints it.
  --tables     Phase 4a: Builds a symbol table and prints its entries.
  --semant     Phase 4b: Performs the semantic analysis.
  --vars       Phase 5: Allocates memory space for variables and prints the amount of allocated memory.
  --ershov     Enable register optimization using the ershov number.
  --doWhile    Enable the do-while statement.
  --help       Show this help.
[2021-12-12 18:52:37.677101] Test not passed.
[2021-12-12 18:52:37.677127] Running Score: 0/10

[2021-12-12 18:52:37.677154] Evaluating lambda.spl with the submitted solution.
[2021-12-12 18:52:38.000429] Submission exited with exit code 1, which is not allowed. Allowed: [0, 99, 140, 100, 101, 102, 103, 104, 105, 106, 107, 108, 109, 110, 111, 112, 113, 114, 115, 116, 117, 118, 119, 120, 121, 122, 123, 124, 125, 126, 127]
[2021-12-12 18:52:38.000495] Output (stderr) of 'java -jar /home/solution/java/target/spl.jar --absyn /home/tests/lambda.spl /home/temp/lambda.spl.s' (Limited to 50 lines/10000 characters):
Usage error: Too many positional arguments!
Usage: 'java -jar spl.jar' [OPTION] INPUT_FILE [OUTPUT_FILE]

Executes all compiler phases up to (and including) the specified one.
If no flag is specified, all phases are run and code is written to the output file.
Options:
  --tokens     Phase 1: Scans for tokens and prints them.
  --parse      Phase 2: Parses the stream of tokens to check for syntax errors.
  --absyn      Phase 3: Creates an abstract syntax tree from the input tokens and prints it.
  --tables     Phase 4a: Builds a symbol table and prints its entries.
  --semant     Phase 4b: Performs the semantic analysis.
  --vars       Phase 5: Allocates memory space for variables and prints the amount of allocated memory.
  --ershov     Enable register optimization using the ershov number.
  --doWhile    Enable the do-while statement.
  --help       Show this help.
[2021-12-12 18:52:38.001104] Test not passed.
[2021-12-12 18:52:38.001131] Running Score: 0/11

[2021-12-12 18:52:38.001158] Evaluating multiply.spl with the submitted solution.
[2021-12-12 18:52:38.304937] Submission exited with exit code 1, which is not allowed. Allowed: [0, 99, 140, 100, 101, 102, 103, 104, 105, 106, 107, 108, 109, 110, 111, 112, 113, 114, 115, 116, 117, 118, 119, 120, 121, 122, 123, 124, 125, 126, 127]
[2021-12-12 18:52:38.304997] Output (stderr) of 'java -jar /home/solution/java/target/spl.jar --absyn /home/tests/multiply.spl /home/temp/multiply.spl.s' (Limited to 50 lines/10000 characters):
Usage error: Too many positional arguments!
Usage: 'java -jar spl.jar' [OPTION] INPUT_FILE [OUTPUT_FILE]

Executes all compiler phases up to (and including) the specified one.
If no flag is specified, all phases are run and code is written to the output file.
Options:
  --tokens     Phase 1: Scans for tokens and prints them.
  --parse      Phase 2: Parses the stream of tokens to check for syntax errors.
  --absyn      Phase 3: Creates an abstract syntax tree from the input tokens and prints it.
  --tables     Phase 4a: Builds a symbol table and prints its entries.
  --semant     Phase 4b: Performs the semantic analysis.
  --vars       Phase 5: Allocates memory space for variables and prints the amount of allocated memory.
  --ershov     Enable register optimization using the ershov number.
  --doWhile    Enable the do-while statement.
  --help       Show this help.
[2021-12-12 18:52:38.305119] Test not passed.
[2021-12-12 18:52:38.305135] Running Score: 0/12

[2021-12-12 18:52:38.305160] Evaluating partind1.spl with the submitted solution.
[2021-12-12 18:52:38.605790] Submission exited with exit code 1, which is not allowed. Allowed: [0, 99, 140, 100, 101, 102, 103, 104, 105, 106, 107, 108, 109, 110, 111, 112, 113, 114, 115, 116, 117, 118, 119, 120, 121, 122, 123, 124, 125, 126, 127]
[2021-12-12 18:52:38.605860] Output (stderr) of 'java -jar /home/solution/java/target/spl.jar --absyn /home/tests/partind1.spl /home/temp/partind1.spl.s' (Limited to 50 lines/10000 characters):
Usage error: Too many positional arguments!
Usage: 'java -jar spl.jar' [OPTION] INPUT_FILE [OUTPUT_FILE]

Executes all compiler phases up to (and including) the specified one.
If no flag is specified, all phases are run and code is written to the output file.
Options:
  --tokens     Phase 1: Scans for tokens and prints them.
  --parse      Phase 2: Parses the stream of tokens to check for syntax errors.
  --absyn      Phase 3: Creates an abstract syntax tree from the input tokens and prints it.
  --tables     Phase 4a: Builds a symbol table and prints its entries.
  --semant     Phase 4b: Performs the semantic analysis.
  --vars       Phase 5: Allocates memory space for variables and prints the amount of allocated memory.
  --ershov     Enable register optimization using the ershov number.
  --doWhile    Enable the do-while statement.
  --help       Show this help.
[2021-12-12 18:52:38.607054] Test not passed.
[2021-12-12 18:52:38.607081] Running Score: 0/13

[2021-12-12 18:52:38.607110] Evaluating partind2.spl with the submitted solution.
[2021-12-12 18:52:38.913271] Submission exited with exit code 1, which is not allowed. Allowed: [0, 99, 140, 100, 101, 102, 103, 104, 105, 106, 107, 108, 109, 110, 111, 112, 113, 114, 115, 116, 117, 118, 119, 120, 121, 122, 123, 124, 125, 126, 127]
[2021-12-12 18:52:38.914503] Output (stderr) of 'java -jar /home/solution/java/target/spl.jar --absyn /home/tests/partind2.spl /home/temp/partind2.spl.s' (Limited to 50 lines/10000 characters):
Usage error: Too many positional arguments!
Usage: 'java -jar spl.jar' [OPTION] INPUT_FILE [OUTPUT_FILE]

Executes all compiler phases up to (and including) the specified one.
If no flag is specified, all phases are run and code is written to the output file.
Options:
  --tokens     Phase 1: Scans for tokens and prints them.
  --parse      Phase 2: Parses the stream of tokens to check for syntax errors.
  --absyn      Phase 3: Creates an abstract syntax tree from the input tokens and prints it.
  --tables     Phase 4a: Builds a symbol table and prints its entries.
  --semant     Phase 4b: Performs the semantic analysis.
  --vars       Phase 5: Allocates memory space for variables and prints the amount of allocated memory.
  --ershov     Enable register optimization using the ershov number.
  --doWhile    Enable the do-while statement.
  --help       Show this help.
[2021-12-12 18:52:38.914631] Test not passed.
[2021-12-12 18:52:38.914647] Running Score: 0/14

[2021-12-12 18:52:38.914674] Evaluating queens.spl with the submitted solution.
[2021-12-12 18:52:39.216780] Submission exited with exit code 1, which is not allowed. Allowed: [0, 99, 140, 100, 101, 102, 103, 104, 105, 106, 107, 108, 109, 110, 111, 112, 113, 114, 115, 116, 117, 118, 119, 120, 121, 122, 123, 124, 125, 126, 127]
[2021-12-12 18:52:39.216854] Output (stderr) of 'java -jar /home/solution/java/target/spl.jar --absyn /home/tests/queens.spl /home/temp/queens.spl.s' (Limited to 50 lines/10000 characters):
Usage error: Too many positional arguments!
Usage: 'java -jar spl.jar' [OPTION] INPUT_FILE [OUTPUT_FILE]

Executes all compiler phases up to (and including) the specified one.
If no flag is specified, all phases are run and code is written to the output file.
Options:
  --tokens     Phase 1: Scans for tokens and prints them.
  --parse      Phase 2: Parses the stream of tokens to check for syntax errors.
  --absyn      Phase 3: Creates an abstract syntax tree from the input tokens and prints it.
  --tables     Phase 4a: Builds a symbol table and prints its entries.
  --semant     Phase 4b: Performs the semantic analysis.
  --vars       Phase 5: Allocates memory space for variables and prints the amount of allocated memory.
  --ershov     Enable register optimization using the ershov number.
  --doWhile    Enable the do-while statement.
  --help       Show this help.
[2021-12-12 18:52:39.216969] Test not passed.
[2021-12-12 18:52:39.216984] Running Score: 0/15

[2021-12-12 18:52:39.217052] Evaluating reftest.spl with the submitted solution.
[2021-12-12 18:52:39.529261] Submission exited with exit code 1, which is not allowed. Allowed: [0, 99, 140, 100, 101, 102, 103, 104, 105, 106, 107, 108, 109, 110, 111, 112, 113, 114, 115, 116, 117, 118, 119, 120, 121, 122, 123, 124, 125, 126, 127]
[2021-12-12 18:52:39.529330] Output (stderr) of 'java -jar /home/solution/java/target/spl.jar --absyn /home/tests/reftest.spl /home/temp/reftest.spl.s' (Limited to 50 lines/10000 characters):
Usage error: Too many positional arguments!
Usage: 'java -jar spl.jar' [OPTION] INPUT_FILE [OUTPUT_FILE]

Executes all compiler phases up to (and including) the specified one.
If no flag is specified, all phases are run and code is written to the output file.
Options:
  --tokens     Phase 1: Scans for tokens and prints them.
  --parse      Phase 2: Parses the stream of tokens to check for syntax errors.
  --absyn      Phase 3: Creates an abstract syntax tree from the input tokens and prints it.
  --tables     Phase 4a: Builds a symbol table and prints its entries.
  --semant     Phase 4b: Performs the semantic analysis.
  --vars       Phase 5: Allocates memory space for variables and prints the amount of allocated memory.
  --ershov     Enable register optimization using the ershov number.
  --doWhile    Enable the do-while statement.
  --help       Show this help.
[2021-12-12 18:52:39.529438] Test not passed.
[2021-12-12 18:52:39.529453] Running Score: 0/16

[2021-12-12 18:52:39.529477] Evaluating sierpinski.spl with the submitted solution.
[2021-12-12 18:52:39.856584] Submission exited with exit code 1, which is not allowed. Allowed: [0, 99, 140, 100, 101, 102, 103, 104, 105, 106, 107, 108, 109, 110, 111, 112, 113, 114, 115, 116, 117, 118, 119, 120, 121, 122, 123, 124, 125, 126, 127]
[2021-12-12 18:52:39.856656] Output (stderr) of 'java -jar /home/solution/java/target/spl.jar --absyn /home/tests/sierpinski.spl /home/temp/sierpinski.spl.s' (Limited to 50 lines/10000 characters):
Usage error: Too many positional arguments!
Usage: 'java -jar spl.jar' [OPTION] INPUT_FILE [OUTPUT_FILE]

Executes all compiler phases up to (and including) the specified one.
If no flag is specified, all phases are run and code is written to the output file.
Options:
  --tokens     Phase 1: Scans for tokens and prints them.
  --parse      Phase 2: Parses the stream of tokens to check for syntax errors.
  --absyn      Phase 3: Creates an abstract syntax tree from the input tokens and prints it.
  --tables     Phase 4a: Builds a symbol table and prints its entries.
  --semant     Phase 4b: Performs the semantic analysis.
  --vars       Phase 5: Allocates memory space for variables and prints the amount of allocated memory.
  --ershov     Enable register optimization using the ershov number.
  --doWhile    Enable the do-while statement.
  --help       Show this help.
[2021-12-12 18:52:39.857168] Test not passed.
[2021-12-12 18:52:39.857199] Running Score: 0/17

[2021-12-12 18:52:39.857230] Evaluating swap.spl with the submitted solution.
[2021-12-12 18:52:40.174869] Submission exited with exit code 1, which is not allowed. Allowed: [0, 99, 140, 100, 101, 102, 103, 104, 105, 106, 107, 108, 109, 110, 111, 112, 113, 114, 115, 116, 117, 118, 119, 120, 121, 122, 123, 124, 125, 126, 127]
[2021-12-12 18:52:40.174937] Output (stderr) of 'java -jar /home/solution/java/target/spl.jar --absyn /home/tests/swap.spl /home/temp/swap.spl.s' (Limited to 50 lines/10000 characters):
Usage error: Too many positional arguments!
Usage: 'java -jar spl.jar' [OPTION] INPUT_FILE [OUTPUT_FILE]

Executes all compiler phases up to (and including) the specified one.
If no flag is specified, all phases are run and code is written to the output file.
Options:
  --tokens     Phase 1: Scans for tokens and prints them.
  --parse      Phase 2: Parses the stream of tokens to check for syntax errors.
  --absyn      Phase 3: Creates an abstract syntax tree from the input tokens and prints it.
  --tables     Phase 4a: Builds a symbol table and prints its entries.
  --semant     Phase 4b: Performs the semantic analysis.
  --vars       Phase 5: Allocates memory space for variables and prints the amount of allocated memory.
  --ershov     Enable register optimization using the ershov number.
  --doWhile    Enable the do-while statement.
  --help       Show this help.
[2021-12-12 18:52:40.175048] Test not passed.
[2021-12-12 18:52:40.175063] Running Score: 0/18

[2021-12-12 18:52:40.175088] Evaluating test1.spl with the submitted solution.
[2021-12-12 18:52:40.489520] Submission exited with exit code 1, which is not allowed. Allowed: [0, 99, 140, 100, 101, 102, 103, 104, 105, 106, 107, 108, 109, 110, 111, 112, 113, 114, 115, 116, 117, 118, 119, 120, 121, 122, 123, 124, 125, 126, 127]
[2021-12-12 18:52:40.489592] Output (stderr) of 'java -jar /home/solution/java/target/spl.jar --absyn /home/tests/test1.spl /home/temp/test1.spl.s' (Limited to 50 lines/10000 characters):
Usage error: Too many positional arguments!
Usage: 'java -jar spl.jar' [OPTION] INPUT_FILE [OUTPUT_FILE]

Executes all compiler phases up to (and including) the specified one.
If no flag is specified, all phases are run and code is written to the output file.
Options:
  --tokens     Phase 1: Scans for tokens and prints them.
  --parse      Phase 2: Parses the stream of tokens to check for syntax errors.
  --absyn      Phase 3: Creates an abstract syntax tree from the input tokens and prints it.
  --tables     Phase 4a: Builds a symbol table and prints its entries.
  --semant     Phase 4b: Performs the semantic analysis.
  --vars       Phase 5: Allocates memory space for variables and prints the amount of allocated memory.
  --ershov     Enable register optimization using the ershov number.
  --doWhile    Enable the do-while statement.
  --help       Show this help.
[2021-12-12 18:52:40.489702] Test not passed.
[2021-12-12 18:52:40.489717] Running Score: 0/19

[2021-12-12 18:52:40.489742] Evaluating test2.spl with the submitted solution.
[2021-12-12 18:52:40.795689] Submission exited with exit code 1, which is not allowed. Allowed: [0, 99, 140, 100, 101, 102, 103, 104, 105, 106, 107, 108, 109, 110, 111, 112, 113, 114, 115, 116, 117, 118, 119, 120, 121, 122, 123, 124, 125, 126, 127]
[2021-12-12 18:52:40.795758] Output (stderr) of 'java -jar /home/solution/java/target/spl.jar --absyn /home/tests/test2.spl /home/temp/test2.spl.s' (Limited to 50 lines/10000 characters):
Usage error: Too many positional arguments!
Usage: 'java -jar spl.jar' [OPTION] INPUT_FILE [OUTPUT_FILE]

Executes all compiler phases up to (and including) the specified one.
If no flag is specified, all phases are run and code is written to the output file.
Options:
  --tokens     Phase 1: Scans for tokens and prints them.
  --parse      Phase 2: Parses the stream of tokens to check for syntax errors.
  --absyn      Phase 3: Creates an abstract syntax tree from the input tokens and prints it.
  --tables     Phase 4a: Builds a symbol table and prints its entries.
  --semant     Phase 4b: Performs the semantic analysis.
  --vars       Phase 5: Allocates memory space for variables and prints the amount of allocated memory.
  --ershov     Enable register optimization using the ershov number.
  --doWhile    Enable the do-while statement.
  --help       Show this help.
[2021-12-12 18:52:40.795867] Test not passed.
[2021-12-12 18:52:40.795882] Running Score: 0/20

[2021-12-12 18:52:40.795907] Evaluating test3.spl with the submitted solution.
[2021-12-12 18:52:41.095414] Submission exited with exit code 1, which is not allowed. Allowed: [0, 99, 140, 100, 101, 102, 103, 104, 105, 106, 107, 108, 109, 110, 111, 112, 113, 114, 115, 116, 117, 118, 119, 120, 121, 122, 123, 124, 125, 126, 127]
[2021-12-12 18:52:41.095483] Output (stderr) of 'java -jar /home/solution/java/target/spl.jar --absyn /home/tests/test3.spl /home/temp/test3.spl.s' (Limited to 50 lines/10000 characters):
Usage error: Too many positional arguments!
Usage: 'java -jar spl.jar' [OPTION] INPUT_FILE [OUTPUT_FILE]

Executes all compiler phases up to (and including) the specified one.
If no flag is specified, all phases are run and code is written to the output file.
Options:
  --tokens     Phase 1: Scans for tokens and prints them.
  --parse      Phase 2: Parses the stream of tokens to check for syntax errors.
  --absyn      Phase 3: Creates an abstract syntax tree from the input tokens and prints it.
  --tables     Phase 4a: Builds a symbol table and prints its entries.
  --semant     Phase 4b: Performs the semantic analysis.
  --vars       Phase 5: Allocates memory space for variables and prints the amount of allocated memory.
  --ershov     Enable register optimization using the ershov number.
  --doWhile    Enable the do-while statement.
  --help       Show this help.
[2021-12-12 18:52:41.095592] Test not passed.
[2021-12-12 18:52:41.095607] Running Score: 0/21

[2021-12-12 18:52:41.095632] Evaluating test4.spl with the submitted solution.
[2021-12-12 18:52:41.398946] Submission exited with exit code 1, which is not allowed. Allowed: [0, 99, 140, 100, 101, 102, 103, 104, 105, 106, 107, 108, 109, 110, 111, 112, 113, 114, 115, 116, 117, 118, 119, 120, 121, 122, 123, 124, 125, 126, 127]
[2021-12-12 18:52:41.399015] Output (stderr) of 'java -jar /home/solution/java/target/spl.jar --absyn /home/tests/test4.spl /home/temp/test4.spl.s' (Limited to 50 lines/10000 characters):
Usage error: Too many positional arguments!
Usage: 'java -jar spl.jar' [OPTION] INPUT_FILE [OUTPUT_FILE]

Executes all compiler phases up to (and including) the specified one.
If no flag is specified, all phases are run and code is written to the output file.
Options:
  --tokens     Phase 1: Scans for tokens and prints them.
  --parse      Phase 2: Parses the stream of tokens to check for syntax errors.
  --absyn      Phase 3: Creates an abstract syntax tree from the input tokens and prints it.
  --tables     Phase 4a: Builds a symbol table and prints its entries.
  --semant     Phase 4b: Performs the semantic analysis.
  --vars       Phase 5: Allocates memory space for variables and prints the amount of allocated memory.
  --ershov     Enable register optimization using the ershov number.
  --doWhile    Enable the do-while statement.
  --help       Show this help.
[2021-12-12 18:52:41.399121] Test not passed.
[2021-12-12 18:52:41.399136] Running Score: 0/22

[2021-12-12 18:52:41.399161] Evaluating test5.spl with the submitted solution.
[2021-12-12 18:52:41.743086] Submission exited with exit code 1, which is not allowed. Allowed: [0, 99, 140, 100, 101, 102, 103, 104, 105, 106, 107, 108, 109, 110, 111, 112, 113, 114, 115, 116, 117, 118, 119, 120, 121, 122, 123, 124, 125, 126, 127]
[2021-12-12 18:52:41.743147] Output (stderr) of 'java -jar /home/solution/java/target/spl.jar --absyn /home/tests/test5.spl /home/temp/test5.spl.s' (Limited to 50 lines/10000 characters):
Usage error: Too many positional arguments!
Usage: 'java -jar spl.jar' [OPTION] INPUT_FILE [OUTPUT_FILE]

Executes all compiler phases up to (and including) the specified one.
If no flag is specified, all phases are run and code is written to the output file.
Options:
  --tokens     Phase 1: Scans for tokens and prints them.
  --parse      Phase 2: Parses the stream of tokens to check for syntax errors.
  --absyn      Phase 3: Creates an abstract syntax tree from the input tokens and prints it.
  --tables     Phase 4a: Builds a symbol table and prints its entries.
  --semant     Phase 4b: Performs the semantic analysis.
  --vars       Phase 5: Allocates memory space for variables and prints the amount of allocated memory.
  --ershov     Enable register optimization using the ershov number.
  --doWhile    Enable the do-while statement.
  --help       Show this help.
[2021-12-12 18:52:41.743255] Test not passed.
[2021-12-12 18:52:41.743269] Running Score: 0/23

[2021-12-12 18:52:41.743295] Evaluating test6.spl with the submitted solution.
[2021-12-12 18:52:42.058991] Submission exited with exit code 1, which is not allowed. Allowed: [0, 99, 140, 100, 101, 102, 103, 104, 105, 106, 107, 108, 109, 110, 111, 112, 113, 114, 115, 116, 117, 118, 119, 120, 121, 122, 123, 124, 125, 126, 127]
[2021-12-12 18:52:42.059059] Output (stderr) of 'java -jar /home/solution/java/target/spl.jar --absyn /home/tests/test6.spl /home/temp/test6.spl.s' (Limited to 50 lines/10000 characters):
Usage error: Too many positional arguments!
Usage: 'java -jar spl.jar' [OPTION] INPUT_FILE [OUTPUT_FILE]

Executes all compiler phases up to (and including) the specified one.
If no flag is specified, all phases are run and code is written to the output file.
Options:
  --tokens     Phase 1: Scans for tokens and prints them.
  --parse      Phase 2: Parses the stream of tokens to check for syntax errors.
  --absyn      Phase 3: Creates an abstract syntax tree from the input tokens and prints it.
  --tables     Phase 4a: Builds a symbol table and prints its entries.
  --semant     Phase 4b: Performs the semantic analysis.
  --vars       Phase 5: Allocates memory space for variables and prints the amount of allocated memory.
  --ershov     Enable register optimization using the ershov number.
  --doWhile    Enable the do-while statement.
  --help       Show this help.
[2021-12-12 18:52:42.059167] Test not passed.
[2021-12-12 18:52:42.059183] Running Score: 0/24

[2021-12-12 18:52:42.059207] Evaluating test7.spl with the submitted solution.
[2021-12-12 18:52:42.374889] Submission exited with exit code 1, which is not allowed. Allowed: [0, 99, 140, 100, 101, 102, 103, 104, 105, 106, 107, 108, 109, 110, 111, 112, 113, 114, 115, 116, 117, 118, 119, 120, 121, 122, 123, 124, 125, 126, 127]
[2021-12-12 18:52:42.374964] Output (stderr) of 'java -jar /home/solution/java/target/spl.jar --absyn /home/tests/test7.spl /home/temp/test7.spl.s' (Limited to 50 lines/10000 characters):
Usage error: Too many positional arguments!
Usage: 'java -jar spl.jar' [OPTION] INPUT_FILE [OUTPUT_FILE]

Executes all compiler phases up to (and including) the specified one.
If no flag is specified, all phases are run and code is written to the output file.
Options:
  --tokens     Phase 1: Scans for tokens and prints them.
  --parse      Phase 2: Parses the stream of tokens to check for syntax errors.
  --absyn      Phase 3: Creates an abstract syntax tree from the input tokens and prints it.
  --tables     Phase 4a: Builds a symbol table and prints its entries.
  --semant     Phase 4b: Performs the semantic analysis.
  --vars       Phase 5: Allocates memory space for variables and prints the amount of allocated memory.
  --ershov     Enable register optimization using the ershov number.
  --doWhile    Enable the do-while statement.
  --help       Show this help.
[2021-12-12 18:52:42.375072] Test not passed.
[2021-12-12 18:52:42.375088] Running Score: 0/25

[2021-12-12 18:52:42.375113] Evaluating test8.spl with the submitted solution.
[2021-12-12 18:52:42.700401] Submission exited with exit code 1, which is not allowed. Allowed: [0, 99, 140, 100, 101, 102, 103, 104, 105, 106, 107, 108, 109, 110, 111, 112, 113, 114, 115, 116, 117, 118, 119, 120, 121, 122, 123, 124, 125, 126, 127]
[2021-12-12 18:52:42.700473] Output (stderr) of 'java -jar /home/solution/java/target/spl.jar --absyn /home/tests/test8.spl /home/temp/test8.spl.s' (Limited to 50 lines/10000 characters):
Usage error: Too many positional arguments!
Usage: 'java -jar spl.jar' [OPTION] INPUT_FILE [OUTPUT_FILE]

Executes all compiler phases up to (and including) the specified one.
If no flag is specified, all phases are run and code is written to the output file.
Options:
  --tokens     Phase 1: Scans for tokens and prints them.
  --parse      Phase 2: Parses the stream of tokens to check for syntax errors.
  --absyn      Phase 3: Creates an abstract syntax tree from the input tokens and prints it.
  --tables     Phase 4a: Builds a symbol table and prints its entries.
  --semant     Phase 4b: Performs the semantic analysis.
  --vars       Phase 5: Allocates memory space for variables and prints the amount of allocated memory.
  --ershov     Enable register optimization using the ershov number.
  --doWhile    Enable the do-while statement.
  --help       Show this help.
[2021-12-12 18:52:42.700581] Test not passed.
[2021-12-12 18:52:42.700596] Running Score: 0/26

[2021-12-12 18:52:42.700622] Evaluating test9.spl with the submitted solution.
[2021-12-12 18:52:43.018833] Submission exited with exit code 1, which is not allowed. Allowed: [0, 99, 140, 100, 101, 102, 103, 104, 105, 106, 107, 108, 109, 110, 111, 112, 113, 114, 115, 116, 117, 118, 119, 120, 121, 122, 123, 124, 125, 126, 127]
[2021-12-12 18:52:43.018900] Output (stderr) of 'java -jar /home/solution/java/target/spl.jar --absyn /home/tests/test9.spl /home/temp/test9.spl.s' (Limited to 50 lines/10000 characters):
Usage error: Too many positional arguments!
Usage: 'java -jar spl.jar' [OPTION] INPUT_FILE [OUTPUT_FILE]

Executes all compiler phases up to (and including) the specified one.
If no flag is specified, all phases are run and code is written to the output file.
Options:
  --tokens     Phase 1: Scans for tokens and prints them.
  --parse      Phase 2: Parses the stream of tokens to check for syntax errors.
  --absyn      Phase 3: Creates an abstract syntax tree from the input tokens and prints it.
  --tables     Phase 4a: Builds a symbol table and prints its entries.
  --semant     Phase 4b: Performs the semantic analysis.
  --vars       Phase 5: Allocates memory space for variables and prints the amount of allocated memory.
  --ershov     Enable register optimization using the ershov number.
  --doWhile    Enable the do-while statement.
  --help       Show this help.
[2021-12-12 18:52:43.019036] Test not passed.
[2021-12-12 18:52:43.019057] Running Score: 0/27

[2021-12-12 18:52:43.019083] Evaluating threedim.spl with the submitted solution.
[2021-12-12 18:52:43.323479] Submission exited with exit code 1, which is not allowed. Allowed: [0, 99, 140, 100, 101, 102, 103, 104, 105, 106, 107, 108, 109, 110, 111, 112, 113, 114, 115, 116, 117, 118, 119, 120, 121, 122, 123, 124, 125, 126, 127]
[2021-12-12 18:52:43.323547] Output (stderr) of 'java -jar /home/solution/java/target/spl.jar --absyn /home/tests/threedim.spl /home/temp/threedim.spl.s' (Limited to 50 lines/10000 characters):
Usage error: Too many positional arguments!
Usage: 'java -jar spl.jar' [OPTION] INPUT_FILE [OUTPUT_FILE]

Executes all compiler phases up to (and including) the specified one.
If no flag is specified, all phases are run and code is written to the output file.
Options:
  --tokens     Phase 1: Scans for tokens and prints them.
  --parse      Phase 2: Parses the stream of tokens to check for syntax errors.
  --absyn      Phase 3: Creates an abstract syntax tree from the input tokens and prints it.
  --tables     Phase 4a: Builds a symbol table and prints its entries.
  --semant     Phase 4b: Performs the semantic analysis.
  --vars       Phase 5: Allocates memory space for variables and prints the amount of allocated memory.
  --ershov     Enable register optimization using the ershov number.
  --doWhile    Enable the do-while statement.
  --help       Show this help.
[2021-12-12 18:52:43.323653] Test not passed.
[2021-12-12 18:52:43.323758] Running Score: 0/28

[2021-12-12 18:52:43.323800] Evaluating time.spl with the submitted solution.
[2021-12-12 18:52:43.655848] Submission exited with exit code 1, which is not allowed. Allowed: [0, 99, 140, 100, 101, 102, 103, 104, 105, 106, 107, 108, 109, 110, 111, 112, 113, 114, 115, 116, 117, 118, 119, 120, 121, 122, 123, 124, 125, 126, 127]
[2021-12-12 18:52:43.655913] Output (stderr) of 'java -jar /home/solution/java/target/spl.jar --absyn /home/tests/time.spl /home/temp/time.spl.s' (Limited to 50 lines/10000 characters):
Usage error: Too many positional arguments!
Usage: 'java -jar spl.jar' [OPTION] INPUT_FILE [OUTPUT_FILE]

Executes all compiler phases up to (and including) the specified one.
If no flag is specified, all phases are run and code is written to the output file.
Options:
  --tokens     Phase 1: Scans for tokens and prints them.
  --parse      Phase 2: Parses the stream of tokens to check for syntax errors.
  --absyn      Phase 3: Creates an abstract syntax tree from the input tokens and prints it.
  --tables     Phase 4a: Builds a symbol table and prints its entries.
  --semant     Phase 4b: Performs the semantic analysis.
  --vars       Phase 5: Allocates memory space for variables and prints the amount of allocated memory.
  --ershov     Enable register optimization using the ershov number.
  --doWhile    Enable the do-while statement.
  --help       Show this help.
[2021-12-12 18:52:43.656021] Test not passed.
[2021-12-12 18:52:43.656036] Running Score: 0/29

[2021-12-12 18:52:43.656063] Evaluating trailing_argument_comma.spl with the submitted solution.
[2021-12-12 18:52:44.007378] Submission exited with exit code 1, which is not allowed. Allowed: [0, 99, 140, 100, 101, 102, 103, 104, 105, 106, 107, 108, 109, 110, 111, 112, 113, 114, 115, 116, 117, 118, 119, 120, 121, 122, 123, 124, 125, 126, 127]
[2021-12-12 18:52:44.007445] Output (stderr) of 'java -jar /home/solution/java/target/spl.jar --absyn /home/tests/trailing_argument_comma.spl /home/temp/trailing_argument_comma.spl.s' (Limited to 50 lines/10000 characters):
Usage error: Too many positional arguments!
Usage: 'java -jar spl.jar' [OPTION] INPUT_FILE [OUTPUT_FILE]

Executes all compiler phases up to (and including) the specified one.
If no flag is specified, all phases are run and code is written to the output file.
Options:
  --tokens     Phase 1: Scans for tokens and prints them.
  --parse      Phase 2: Parses the stream of tokens to check for syntax errors.
  --absyn      Phase 3: Creates an abstract syntax tree from the input tokens and prints it.
  --tables     Phase 4a: Builds a symbol table and prints its entries.
  --semant     Phase 4b: Performs the semantic analysis.
  --vars       Phase 5: Allocates memory space for variables and prints the amount of allocated memory.
  --ershov     Enable register optimization using the ershov number.
  --doWhile    Enable the do-while statement.
  --help       Show this help.
[2021-12-12 18:52:44.007556] Test not passed.
[2021-12-12 18:52:44.007570] Running Score: 0/30

[2021-12-12 18:52:44.007596] Evaluating trailing_parameter_comma.spl with the submitted solution.
[2021-12-12 18:52:44.307378] Submission exited with exit code 1, which is not allowed. Allowed: [0, 99, 140, 100, 101, 102, 103, 104, 105, 106, 107, 108, 109, 110, 111, 112, 113, 114, 115, 116, 117, 118, 119, 120, 121, 122, 123, 124, 125, 126, 127]
[2021-12-12 18:52:44.307449] Output (stderr) of 'java -jar /home/solution/java/target/spl.jar --absyn /home/tests/trailing_parameter_comma.spl /home/temp/trailing_parameter_comma.spl.s' (Limited to 50 lines/10000 characters):
Usage error: Too many positional arguments!
Usage: 'java -jar spl.jar' [OPTION] INPUT_FILE [OUTPUT_FILE]

Executes all compiler phases up to (and including) the specified one.
If no flag is specified, all phases are run and code is written to the output file.
Options:
  --tokens     Phase 1: Scans for tokens and prints them.
  --parse      Phase 2: Parses the stream of tokens to check for syntax errors.
  --absyn      Phase 3: Creates an abstract syntax tree from the input tokens and prints it.
  --tables     Phase 4a: Builds a symbol table and prints its entries.
  --semant     Phase 4b: Performs the semantic analysis.
  --vars       Phase 5: Allocates memory space for variables and prints the amount of allocated memory.
  --ershov     Enable register optimization using the ershov number.
  --doWhile    Enable the do-while statement.
  --help       Show this help.
[2021-12-12 18:52:44.307556] Test not passed.
[2021-12-12 18:52:44.307571] Running Score: 0/31

[2021-12-12 18:52:44.307596] Evaluating twodim.spl with the submitted solution.
[2021-12-12 18:52:44.625822] Submission exited with exit code 1, which is not allowed. Allowed: [0, 99, 140, 100, 101, 102, 103, 104, 105, 106, 107, 108, 109, 110, 111, 112, 113, 114, 115, 116, 117, 118, 119, 120, 121, 122, 123, 124, 125, 126, 127]
[2021-12-12 18:52:44.625890] Output (stderr) of 'java -jar /home/solution/java/target/spl.jar --absyn /home/tests/twodim.spl /home/temp/twodim.spl.s' (Limited to 50 lines/10000 characters):
Usage error: Too many positional arguments!
Usage: 'java -jar spl.jar' [OPTION] INPUT_FILE [OUTPUT_FILE]

Executes all compiler phases up to (and including) the specified one.
If no flag is specified, all phases are run and code is written to the output file.
Options:
  --tokens     Phase 1: Scans for tokens and prints them.
  --parse      Phase 2: Parses the stream of tokens to check for syntax errors.
  --absyn      Phase 3: Creates an abstract syntax tree from the input tokens and prints it.
  --tables     Phase 4a: Builds a symbol table and prints its entries.
  --semant     Phase 4b: Performs the semantic analysis.
  --vars       Phase 5: Allocates memory space for variables and prints the amount of allocated memory.
  --ershov     Enable register optimization using the ershov number.
  --doWhile    Enable the do-while statement.
  --help       Show this help.
[2021-12-12 18:52:44.625996] Test not passed.
[2021-12-12 18:52:44.626011] Running Score: 0/32

[2021-12-12 18:52:44.626039] Evaluating unary_plus.spl with the submitted solution.
[2021-12-12 18:52:44.945639] Submission exited with exit code 1, which is not allowed. Allowed: [0, 99, 140, 100, 101, 102, 103, 104, 105, 106, 107, 108, 109, 110, 111, 112, 113, 114, 115, 116, 117, 118, 119, 120, 121, 122, 123, 124, 125, 126, 127]
[2021-12-12 18:52:44.945701] Output (stderr) of 'java -jar /home/solution/java/target/spl.jar --absyn /home/tests/unary_plus.spl /home/temp/unary_plus.spl.s' (Limited to 50 lines/10000 characters):
Usage error: Too many positional arguments!
Usage: 'java -jar spl.jar' [OPTION] INPUT_FILE [OUTPUT_FILE]

Executes all compiler phases up to (and including) the specified one.
If no flag is specified, all phases are run and code is written to the output file.
Options:
  --tokens     Phase 1: Scans for tokens and prints them.
  --parse      Phase 2: Parses the stream of tokens to check for syntax errors.
  --absyn      Phase 3: Creates an abstract syntax tree from the input tokens and prints it.
  --tables     Phase 4a: Builds a symbol table and prints its entries.
  --semant     Phase 4b: Performs the semantic analysis.
  --vars       Phase 5: Allocates memory space for variables and prints the amount of allocated memory.
  --ershov     Enable register optimization using the ershov number.
  --doWhile    Enable the do-while statement.
  --help       Show this help.
[2021-12-12 18:52:44.946867] Test not passed.
[2021-12-12 18:52:44.946897] Running Score: 0/33

[2021-12-12 18:52:44.946986] Final score: 0/33 (0%). 
[2021-12-12 18:52:44.947211] 100% are needed to pass.
[2021-12-12 18:52:45.135701] You have NOT PASSED this assignment.
[2021-12-12 18:52:45.136058] You can try again. Deadline: 12.12.2021 23:59

[2021-12-12 18:52:56.254587] === END Evaluation Log
[2021-12-12 18:52:56.254841] NOTE: This evaluation log is also available at '/mnt/c/users/msall/documents/uni/CB/.submitscript/data/assignments/Aufgabe-1/submissions/[evaluated] 45ed9f9b-7f7d-40bc-b5cc-327288be08e4/evaluation.log'
[2021-12-12 18:52:56.255113] 
[2021-12-12 18:55:00.778560] 
[2021-12-12 18:55:00.779219] === Submitting ===
[2021-12-12 18:55:01.901453] 
[2021-12-12 18:55:01.905483] 
[2021-12-12 18:55:01.905737] Selected variant 'Java SPL Compiler' for assignment 'Aufgabe-1'.
[2021-12-12 18:55:04.342527] === Building submission ===
[2021-12-12 18:55:04.343046] Running 'mvn clean compile'.
[2021-12-12 18:55:04.343303] === Building submission finished ===
[2021-12-12 18:55:07.196663] === Cleaning directory for submission ===
[2021-12-12 18:55:07.203588] === Cleaning directory finished ===
[2021-12-12 18:55:07.219592] === Starting Upload ===
[2021-12-12 18:55:07.382514] === Upload finished ===
[2021-12-12 18:55:07.382723] === BEGIN Upload Log
[2021-12-12 18:55:07.382956] [2021-12-12 18:55:08.592778] Received submission 7722b220-2bff-401d-9f21-d51717b21e13
[2021-12-12 18:55:08.593355] Ip: 10.196.96.91
[2021-12-12 18:55:08.593554] Team members: [('Tercüman', 'Mehmet Duhan', '5296149'), ("M'Sallem", 'Samir Faycal Tahar', '5276295')]
[2021-12-12 18:55:08.603551] Your submission was ACCEPTED for course 'Compilerbau-ws21', assignment 'Aufgabe-1'.
[2021-12-12 18:55:08.603778] Your submission has the id 7722b220-2bff-401d-9f21-d51717b21e13.
[2021-12-12 18:55:08.604471] It will be evaluated shortly. Please check back soon for your results.

[2021-12-12 18:55:07.383160] === END Upload Log
[2021-12-12 18:55:07.383326] Successfully submitted your solution. Please see the upload log above for more details.
[2021-12-12 18:55:07.401283] Polling for results (Press CTRL + C to abort).
[2021-12-12 18:55:07.483471] .
[2021-12-12 18:55:08.558994] .
[2021-12-12 18:55:09.628895] .
[2021-12-12 18:55:10.690321] .
[2021-12-12 18:55:11.750608] .
[2021-12-12 18:55:12.850044] .
[2021-12-12 18:55:13.914124] .
[2021-12-12 18:55:14.970790] .
[2021-12-12 18:55:16.029875] .
[2021-12-12 18:55:17.094840] .
[2021-12-12 18:55:18.177345] .
[2021-12-12 18:55:19.241935] .
[2021-12-12 18:55:20.316305] .
[2021-12-12 18:55:21.396495] .
[2021-12-12 18:55:22.480501] .
[2021-12-12 18:55:23.552025] .
[2021-12-12 18:55:24.629848] .
[2021-12-12 18:55:25.692502] .
[2021-12-12 18:55:26.756752] .
[2021-12-12 18:55:27.850316] .
[2021-12-12 18:55:28.923801] .
[2021-12-12 18:55:29.996008] .
[2021-12-12 18:55:31.078395] .
[2021-12-12 18:55:32.152005] .
[2021-12-12 18:55:33.264255] .
[2021-12-12 18:55:34.343876] .
[2021-12-12 18:55:35.534579] 
=== Evaluation results for submission '7722b220-2bff-401d-9f21-d51717b21e13' retrieved. ===
[2021-12-12 18:55:35.534821] You achieved the score 33/33 (100%).
[2021-12-12 18:55:35.534991] You have PASSED this assignment.
[2021-12-12 18:56:02.829653] === BEGIN Evaluation Log
[2021-12-12 18:56:02.830355] [2021-12-12 18:55:08.605488] Start of evaluation log for submission '7722b220-2bff-401d-9f21-d51717b21e13'.
[2021-12-12 18:55:08.605797] Team member: ('Tercüman', 'Mehmet Duhan', '5296149')
[2021-12-12 18:55:08.605966] Team member: ("M'Sallem", 'Samir Faycal Tahar', '5276295')
[2021-12-12 18:55:08.643166] Preparing the sandbox
[2021-12-12 18:55:09.370547] Unpacking submission in sandbox
[2021-12-12 18:55:09.822838] Building the test subject
[2021-12-12 18:55:09.823156] Identified the Java variant.
[2021-12-12 18:55:09.960275] Building Java solution with maven.
[2021-12-12 18:55:21.145972] Maven log:
WARNING: An illegal reflective access operation has occurred
WARNING: Illegal reflective access by com.google.inject.internal.cglib.core.$ReflectUtils$1 (file:/usr/share/maven/lib/guice.jar) to method java.lang.ClassLoader.defineClass(java.lang.String,byte[],int,int,java.security.ProtectionDomain)
WARNING: Please consider reporting this to the maintainers of com.google.inject.internal.cglib.core.$ReflectUtils$1
WARNING: Use --illegal-access=warn to enable warnings of further illegal reflective access operations
WARNING: All illegal access operations will be denied in a future release
[INFO] Scanning for projects...
[INFO] 
[INFO] --------------< de.thm.mni.compilerbau.spl-reference:spl >--------------
[INFO] Building spl 0.1
[INFO] --------------------------------[ jar ]---------------------------------
[INFO] 
[INFO] --- jflex-maven-plugin:1.7.0:generate (default) @ spl ---
[INFO]   generated /home/solution/java/target/generated-sources/jflex/de/thm/mni/compilerbau/phases/_01_scanner/Scanner.java
[INFO] 
[INFO] --- cup-maven-plugin:11b-20160615:generate (default) @ spl ---
Warning : Non terminal "Var" was declared but never used
Warning : Non terminal "NotEmptyParam" was declared but never used
Warning : Non terminal "TypeExpression" was declared but never used
Warning : Non terminal "BinaryExpression" was declared but never used
Warning : *** Shift/Reduce conflict found in state #91
  between IfStatement ::= IF LPAREN Expression RPAREN Statement (*) 
  and     IfStatement ::= IF LPAREN Expression RPAREN Statement (*) ELSE Statement 
  under symbol ELSE
  Resolved in favor of shifting.

[INFO]   generated /home/solution/java/target/generated-sources/cup/de/thm/mni/compilerbau/phases/_02_03_parser/Parser.java
[INFO]   generated /home/solution/java/target/generated-sources/cup/de/thm/mni/compilerbau/phases/_02_03_parser/Sym.java
[INFO] 
[INFO] --- maven-resources-plugin:2.6:resources (default-resources) @ spl ---
[INFO] Using 'UTF-8' encoding to copy filtered resources.
[INFO] skip non existing resourceDirectory /home/solution/java/src/main/resources
[INFO] 
[INFO] --- maven-compiler-plugin:3.8.0:compile (default-compile) @ spl ---
[INFO] Changes detected - recompiling the module!
[INFO] Compiling 57 source files to /home/solution/java/target/classes
[INFO] /home/solution/java/target/generated-sources/jflex/de/thm/mni/compilerbau/phases/_01_scanner/Scanner.java: /home/solution/java/target/generated-sources/jflex/de/thm/mni/compilerbau/phases/_01_scanner/Scanner.java uses or overrides a deprecated API.
[INFO] /home/solution/java/target/generated-sources/jflex/de/thm/mni/compilerbau/phases/_01_scanner/Scanner.java: Recompile with -Xlint:deprecation for details.
[INFO] /home/solution/java/target/generated-sources/cup/de/thm/mni/compilerbau/phases/_02_03_parser/Parser.java: /home/solution/java/target/generated-sources/cup/de/thm/mni/compilerbau/phases/_02_03_parser/Parser.java uses unchecked or unsafe operations.
[INFO] /home/solution/java/target/generated-sources/cup/de/thm/mni/compilerbau/phases/_02_03_parser/Parser.java: Recompile with -Xlint:unchecked for details.
[INFO] 
[INFO] --- maven-resources-plugin:2.6:testResources (default-testResources) @ spl ---
[INFO] Using 'UTF-8' encoding to copy filtered resources.
[INFO] skip non existing resourceDirectory /home/solution/java/src/test/resources
[INFO] 
[INFO] --- maven-compiler-plugin:3.8.0:testCompile (default-testCompile) @ spl ---
[INFO] No sources to compile
[INFO] 
[INFO] --- maven-surefire-plugin:2.12.4:test (default-test) @ spl ---
[INFO] No tests to run.
[INFO] 
[INFO] --- maven-jar-plugin:2.4:jar (default-jar) @ spl ---
[INFO] Building jar: /home/solution/java/target/spl.jar
[INFO] 
[INFO] --- maven-shade-plugin:3.1.0:shade (default) @ spl ---
[INFO] Including com.github.vbmacher:java-cup-runtime:jar:11b-20160615 in the shaded jar.
[INFO] Replacing original artifact with shaded artifact.
[INFO] Replacing /home/solution/java/target/spl.jar with /home/solution/java/target/spl-0.1-shaded.jar
[INFO] Dependency-reduced POM written at: /home/solution/java/dependency-reduced-pom.xml
[INFO] ------------------------------------------------------------------------
[INFO] BUILD SUCCESS
[INFO] ------------------------------------------------------------------------
[INFO] Total time:  7.952 s
[INFO] Finished at: 2021-12-12T17:55:21Z
[INFO] ------------------------------------------------------------------------
[2021-12-12 18:55:21.282630] Beginning evaluation.
[2021-12-12 18:55:21.282876] Evaluating acker.spl with the submitted solution.
[2021-12-12 18:55:21.744353] Test subject results match (Success).
[2021-12-12 18:55:21.755088] Outputs match.
[2021-12-12 18:55:21.755158] Test passed.
[2021-12-12 18:55:21.755174] Running Score: 1/1

[2021-12-12 18:55:21.755206] Evaluating arrayasgn.spl with the submitted solution.
[2021-12-12 18:55:22.155334] Test subject results match (Success).
[2021-12-12 18:55:22.164695] Outputs match.
[2021-12-12 18:55:22.164772] Test passed.
[2021-12-12 18:55:22.164789] Running Score: 2/2

[2021-12-12 18:55:22.164815] Evaluating arrayparm.spl with the submitted solution.
[2021-12-12 18:55:22.572490] Test subject results match (Success).
[2021-12-12 18:55:22.582266] Outputs match.
[2021-12-12 18:55:22.582395] Test passed.
[2021-12-12 18:55:22.582420] Running Score: 3/3

[2021-12-12 18:55:22.582448] Evaluating assignment_without_semicolon.spl with the submitted solution.
[2021-12-12 18:55:22.925768] Test subject results match (Compiler Failure).
[2021-12-12 18:55:22.925805] Exit code matches the expected exit code (100).
[2021-12-12 18:55:22.925839] Test passed.
[2021-12-12 18:55:22.925855] Running Score: 4/4

[2021-12-12 18:55:22.925882] Evaluating bigtest.spl with the submitted solution.
[2021-12-12 18:55:23.521475] Test subject results match (Success).
[2021-12-12 18:55:23.531385] Outputs match.
[2021-12-12 18:55:23.531469] Test passed.
[2021-12-12 18:55:23.531487] Running Score: 5/5

[2021-12-12 18:55:23.531514] Evaluating bits.spl with the submitted solution.
[2021-12-12 18:55:23.961749] Test subject results match (Success).
[2021-12-12 18:55:23.972302] Outputs match.
[2021-12-12 18:55:23.972378] Test passed.
[2021-12-12 18:55:23.972395] Running Score: 6/6

[2021-12-12 18:55:23.972424] Evaluating call_without_semicolon.spl with the submitted solution.
[2021-12-12 18:55:24.307762] Test subject results match (Compiler Failure).
[2021-12-12 18:55:24.308975] Exit code matches the expected exit code (100).
[2021-12-12 18:55:24.309044] Test passed.
[2021-12-12 18:55:24.309062] Running Score: 7/7

[2021-12-12 18:55:24.309093] Evaluating drawTest.spl with the submitted solution.
[2021-12-12 18:55:24.739356] Test subject results match (Success).
[2021-12-12 18:55:24.749098] Outputs match.
[2021-12-12 18:55:24.749249] Test passed.
[2021-12-12 18:55:24.749273] Running Score: 8/8

[2021-12-12 18:55:24.749302] Evaluating gcd.spl with the submitted solution.
[2021-12-12 18:55:25.194573] Test subject results match (Success).
[2021-12-12 18:55:25.204424] Outputs match.
[2021-12-12 18:55:25.204499] Test passed.
[2021-12-12 18:55:25.204515] Running Score: 9/9

[2021-12-12 18:55:25.204543] Evaluating global_variable.spl with the submitted solution.
[2021-12-12 18:55:25.540450] Test subject results match (Compiler Failure).
[2021-12-12 18:55:25.541604] Exit code matches the expected exit code (100).
[2021-12-12 18:55:25.541652] Test passed.
[2021-12-12 18:55:25.541669] Running Score: 10/10

[2021-12-12 18:55:25.541698] Evaluating lambda.spl with the submitted solution.
[2021-12-12 18:55:26.497953] Test subject results match (Success).
[2021-12-12 18:55:26.509552] Outputs match.
[2021-12-12 18:55:26.509844] Test passed.
[2021-12-12 18:55:26.510008] Running Score: 11/11

[2021-12-12 18:55:26.510265] Evaluating multiply.spl with the submitted solution.
[2021-12-12 18:55:26.963272] Test subject results match (Success).
[2021-12-12 18:55:26.974280] Outputs match.
[2021-12-12 18:55:26.974419] Test passed.
[2021-12-12 18:55:26.974443] Running Score: 12/12

[2021-12-12 18:55:26.974471] Evaluating partind1.spl with the submitted solution.
[2021-12-12 18:55:27.448503] Test subject results match (Success).
[2021-12-12 18:55:27.457344] Outputs match.
[2021-12-12 18:55:27.457427] Test passed.
[2021-12-12 18:55:27.457445] Running Score: 13/13

[2021-12-12 18:55:27.457469] Evaluating partind2.spl with the submitted solution.
[2021-12-12 18:55:27.929985] Test subject results match (Success).
[2021-12-12 18:55:27.939754] Outputs match.
[2021-12-12 18:55:27.939834] Test passed.
[2021-12-12 18:55:27.939852] Running Score: 14/14

[2021-12-12 18:55:27.939880] Evaluating queens.spl with the submitted solution.
[2021-12-12 18:55:28.454158] Test subject results match (Success).
[2021-12-12 18:55:28.463957] Outputs match.
[2021-12-12 18:55:28.464031] Test passed.
[2021-12-12 18:55:28.464047] Running Score: 15/15

[2021-12-12 18:55:28.464071] Evaluating reftest.spl with the submitted solution.
[2021-12-12 18:55:28.861003] Test subject results match (Success).
[2021-12-12 18:55:28.870634] Outputs match.
[2021-12-12 18:55:28.870703] Test passed.
[2021-12-12 18:55:28.870719] Running Score: 16/16

[2021-12-12 18:55:28.870816] Evaluating sierpinski.spl with the submitted solution.
[2021-12-12 18:55:29.496477] Test subject results match (Success).
[2021-12-12 18:55:29.506207] Outputs match.
[2021-12-12 18:55:29.506386] Test passed.
[2021-12-12 18:55:29.506414] Running Score: 17/17

[2021-12-12 18:55:29.506443] Evaluating swap.spl with the submitted solution.
[2021-12-12 18:55:29.935589] Test subject results match (Success).
[2021-12-12 18:55:29.944869] Outputs match.
[2021-12-12 18:55:29.944944] Test passed.
[2021-12-12 18:55:29.944961] Running Score: 18/18

[2021-12-12 18:55:29.944987] Evaluating test1.spl with the submitted solution.
[2021-12-12 18:55:30.361177] Test subject results match (Success).
[2021-12-12 18:55:30.371114] Outputs match.
[2021-12-12 18:55:30.371192] Test passed.
[2021-12-12 18:55:30.371209] Running Score: 19/19

[2021-12-12 18:55:30.371237] Evaluating test2.spl with the submitted solution.
[2021-12-12 18:55:30.795225] Test subject results match (Success).
[2021-12-12 18:55:30.804977] Outputs match.
[2021-12-12 18:55:30.805271] Test passed.
[2021-12-12 18:55:30.805297] Running Score: 20/20

[2021-12-12 18:55:30.805326] Evaluating test3.spl with the submitted solution.
[2021-12-12 18:55:31.305559] Test subject results match (Success).
[2021-12-12 18:55:31.315082] Outputs match.
[2021-12-12 18:55:31.315149] Test passed.
[2021-12-12 18:55:31.315164] Running Score: 21/21

[2021-12-12 18:55:31.315193] Evaluating test4.spl with the submitted solution.
[2021-12-12 18:55:31.760856] Test subject results match (Success).
[2021-12-12 18:55:31.771120] Outputs match.
[2021-12-12 18:55:31.771194] Test passed.
[2021-12-12 18:55:31.771210] Running Score: 22/22

[2021-12-12 18:55:31.771238] Evaluating test5.spl with the submitted solution.
[2021-12-12 18:55:32.216737] Test subject results match (Success).
[2021-12-12 18:55:32.227199] Outputs match.
[2021-12-12 18:55:32.227274] Test passed.
[2021-12-12 18:55:32.227290] Running Score: 23/23

[2021-12-12 18:55:32.227316] Evaluating test6.spl with the submitted solution.
[2021-12-12 18:55:32.680279] Test subject results match (Success).
[2021-12-12 18:55:32.690689] Outputs match.
[2021-12-12 18:55:32.690771] Test passed.
[2021-12-12 18:55:32.690788] Running Score: 24/24

[2021-12-12 18:55:32.690817] Evaluating test7.spl with the submitted solution.
[2021-12-12 18:55:33.082106] Test subject results match (Success).
[2021-12-12 18:55:33.092142] Outputs match.
[2021-12-12 18:55:33.092300] Test passed.
[2021-12-12 18:55:33.092324] Running Score: 25/25

[2021-12-12 18:55:33.092356] Evaluating test8.spl with the submitted solution.
[2021-12-12 18:55:33.485614] Test subject results match (Success).
[2021-12-12 18:55:33.495164] Outputs match.
[2021-12-12 18:55:33.495310] Test passed.
[2021-12-12 18:55:33.495334] Running Score: 26/26

[2021-12-12 18:55:33.495364] Evaluating test9.spl with the submitted solution.
[2021-12-12 18:55:33.914474] Test subject results match (Success).
[2021-12-12 18:55:33.925624] Outputs match.
[2021-12-12 18:55:33.925923] Test passed.
[2021-12-12 18:55:33.926105] Running Score: 27/27

[2021-12-12 18:55:33.926331] Evaluating threedim.spl with the submitted solution.
[2021-12-12 18:55:34.404302] Test subject results match (Success).
[2021-12-12 18:55:34.414182] Outputs match.
[2021-12-12 18:55:34.414269] Test passed.
[2021-12-12 18:55:34.414287] Running Score: 28/28

[2021-12-12 18:55:34.414315] Evaluating time.spl with the submitted solution.
[2021-12-12 18:55:34.850700] Test subject results match (Success).
[2021-12-12 18:55:34.860199] Outputs match.
[2021-12-12 18:55:34.860273] Test passed.
[2021-12-12 18:55:34.860291] Running Score: 29/29

[2021-12-12 18:55:34.860322] Evaluating trailing_argument_comma.spl with the submitted solution.
[2021-12-12 18:55:35.201721] Test subject results match (Compiler Failure).
[2021-12-12 18:55:35.202927] Exit code matches the expected exit code (100).
[2021-12-12 18:55:35.202975] Test passed.
[2021-12-12 18:55:35.202993] Running Score: 30/30

[2021-12-12 18:55:35.203022] Evaluating trailing_parameter_comma.spl with the submitted solution.
[2021-12-12 18:55:35.547799] Test subject results match (Compiler Failure).
[2021-12-12 18:55:35.549086] Exit code matches the expected exit code (100).
[2021-12-12 18:55:35.549134] Test passed.
[2021-12-12 18:55:35.549153] Running Score: 31/31

[2021-12-12 18:55:35.549186] Evaluating twodim.spl with the submitted solution.
[2021-12-12 18:55:36.087307] Test subject results match (Success).
[2021-12-12 18:55:36.097246] Outputs match.
[2021-12-12 18:55:36.097333] Test passed.
[2021-12-12 18:55:36.097351] Running Score: 32/32

[2021-12-12 18:55:36.097383] Evaluating unary_plus.spl with the submitted solution.
[2021-12-12 18:55:36.451864] Test subject results match (Compiler Failure).
[2021-12-12 18:55:36.451908] Exit code matches the expected exit code (100).
[2021-12-12 18:55:36.451937] Test passed.
[2021-12-12 18:55:36.451954] Running Score: 33/33

[2021-12-12 18:55:36.452116] Final score: 33/33 (100%). 
[2021-12-12 18:55:36.452557] 100% are needed to pass.
[2021-12-12 18:55:36.649892] You have PASSED this assignment.

[2021-12-12 18:56:02.831025] === END Evaluation Log
[2021-12-12 18:56:02.831295] NOTE: This evaluation log is also available at '/mnt/c/users/msall/documents/uni/CB/.submitscript/data/assignments/Aufgabe-1/submissions/[evaluated] 7722b220-2bff-401d-9f21-d51717b21e13/evaluation.log'
[2021-12-12 18:56:02.831521] 
