[2021-12-12 18:48:15.210901] Bootstrap log:
Identified Python 3.8.10 at /usr/bin/python3.8
[Bootstrap] Identified pip 20.0.2 from /usr/lib/python3/dist-packages/pip (python 3.8)' at /usr/bin/python3.8 -m pip
[Bootstrap] Identified 'pipenv, version 2021.11.23' at /usr/bin/python3.8 -m pipenv
[Bootstrap] Running '/usr/bin/python3.8 -m pipenv install --python 3.8' to ensure the existence of a virtual environment.
[Bootstrap] This may take a moment.
Virtualenv already exists!
Removing existing virtualenv...
Creating a virtualenv for this project...
Pipfile: /mnt/c/users/msall/documents/uni/CB/.submitscript/src/Pipfile
Using /usr/bin/python3.8 (3.8.10) to create virtualenv...

⠋ Creating virtual environment...
⠙ Creating virtual environment...
⠹ Creating virtual environment...created virtual environment CPython3.8.10.final.0-64 in 139ms
  creator CPython3Posix(dest=/root/.local/share/virtualenvs/src-iKuWu0KK, clear=False, no_vcs_ignore=False, global=False)
  seeder FromAppData(download=False, pip=bundle, setuptools=bundle, wheel=bundle, via=copy, app_data_dir=/root/.local/share/virtualenv)
    added seed packages: pip==21.3.1, setuptools==58.3.0, wheel==0.37.0
  activators BashActivator,CShellActivator,FishActivator,NushellActivator,PowerShellActivator,PythonActivator

✔ Successfully created virtual environment! 
Virtualenv location: /root/.local/share/virtualenvs/src-iKuWu0KK
Installing dependencies from Pipfile.lock (da6003)...
To activate this project's virtualenv, run pipenv shell.
Alternatively, run a command inside the virtualenv with pipenv run.
[Bootstrap] Running the script in a virtual environment.
/usr/bin/python3.8 -m pipenv run python3 ./main.py

[2021-12-12 18:48:15.211535] === Welcome ===
[2021-12-12 18:48:15.323220] Please review the currently saved information about your team:
[2021-12-12 18:48:15.325353]  1 - First name: Lukas; Last name: Gail; Matriculation number: 112345
[2021-12-12 18:48:23.609700] A new team.json will now be created.

[2021-12-12 18:48:23.610368] Please enter details of team member 1.
[2021-12-12 18:48:58.323841] 
[2021-12-12 18:48:58.324481] First name: Mehmet Duhan; Last name: Tercüman; Matriculation number: 5296149
[2021-12-12 18:49:11.981874] Please enter details of team member 2.
[2021-12-12 18:49:26.264028] 
[2021-12-12 18:49:26.264345] First name: Samir Faycal Tahar; Last name: M'Sallem; Matriculation number: 5276295
[2021-12-12 18:49:29.799446] team.json successfully created.

[2021-12-12 18:49:29.799951] 
[2021-12-12 18:49:31.201027] 
[2021-12-12 18:49:31.201650] === Submitting ===
[2021-12-12 18:49:32.817097] 
[2021-12-12 18:49:32.820849] 
[2021-12-12 18:49:32.821066] Selected variant 'Java SPL Compiler' for assignment 'Aufgabe-1'.
[2021-12-12 18:49:35.411210] === Building submission ===
[2021-12-12 18:49:35.411521] Running 'mvn clean compile'.
[2021-12-12 18:49:35.411754] === Building submission finished ===
[2021-12-12 18:49:35.413204] Building your solution failed!
[2021-12-12 18:49:46.710062] === BEGIN Build Log ===
[2021-12-12 18:49:46.710692] /bin/sh: 1: mvn: not found

[2021-12-12 18:49:46.710920] === END Build Log ===
[2021-12-12 18:49:58.957109] Aborting submission.
[2021-12-12 18:49:58.962132] 
