[2022-02-13 15:46:30.000910] Bootstrap log:
Identified Python 3.8.10 at /usr/bin/python3.8
[Bootstrap] Identified pip 20.0.2 from /usr/lib/python3/dist-packages/pip (python 3.8)' at /usr/bin/python3.8 -m pip
[Bootstrap] Identified 'pipenv, version 2020.11.15' at /usr/bin/python3.8 -m pipenv
[Bootstrap] Running '/usr/bin/python3.8 -m pipenv install --python 3.8' to ensure the existence of a virtual environment.
[Bootstrap] This may take a moment.
Virtualenv already exists!
Removing existing virtualenv...
Creating a virtualenv for this project...
Pipfile: /mnt/c/users/msall/documents/uni/CB/.submitscript/src/Pipfile
Using /usr/bin/python3.8 (3.8.10) to create virtualenv...

⠋ Creating virtual environment...
⠙ Creating virtual environment...
⠹ Creating virtual environment...created virtual environment CPython3.8.10.final.0-64 in 130ms
  creator CPython3Posix(dest=/home/samir/.local/share/virtualenvs/src-iKuWu0KK, clear=False, no_vcs_ignore=False, global=False)
  seeder FromAppData(download=False, pip=bundle, setuptools=bundle, wheel=bundle, via=copy, app_data_dir=/home/samir/.local/share/virtualenv)
    added seed packages: pip==21.3.1, setuptools==59.5.0, wheel==0.37.0
  activators BashActivator,CShellActivator,FishActivator,NushellActivator,PowerShellActivator,PythonActivator

✔ Successfully created virtual environment! 
Virtualenv location: /home/samir/.local/share/virtualenvs/src-iKuWu0KK
Installing dependencies from Pipfile.lock (da6003)...
To activate this project's virtualenv, run pipenv shell.
Alternatively, run a command inside the virtualenv with pipenv run.
[Bootstrap] Running the script in a virtual environment.
/usr/bin/python3.8 -m pipenv run python3 ./main.py

[2022-02-13 15:46:30.001135] === Welcome ===
[2022-02-13 15:46:30.173904] Please review the currently saved information about your team:
[2022-02-13 15:46:30.176076]  1 - First name: Mehmet Duhan; Last name: Tercüman; Matriculation number: 5296149
[2022-02-13 15:46:30.176219]  2 - First name: Samir Faycal Tahar; Last name: M'Sallem; Matriculation number: 5276295
[2022-02-13 15:46:35.785181] 
[2022-02-13 15:46:39.073129] 
[2022-02-13 15:46:39.073453] === Submitting ===
[2022-02-13 15:46:40.856184] 
[2022-02-13 15:46:40.859444] 
[2022-02-13 15:46:40.859606] Selected variant 'Java SPL Compiler' for assignment 'Aufgabe-2'.
[2022-02-13 15:46:43.050692] === Building submission ===
[2022-02-13 15:46:43.050901] Running 'mvn clean compile'.
[2022-02-13 15:46:43.051054] === Building submission finished ===
[2022-02-13 15:47:14.118027] === Cleaning directory for submission ===
[2022-02-13 15:47:14.124411] === Cleaning directory finished ===
[2022-02-13 15:47:14.140306] === Starting Upload ===
[2022-02-13 15:47:14.572801] === Upload finished ===
[2022-02-13 15:47:14.572945] === BEGIN Upload Log
[2022-02-13 15:47:14.573089] [2022-02-13 15:47:14.879532] Received submission 93872279-4164-461f-8a58-c555a09ce863
[2022-02-13 15:47:14.880310] Ip: 10.196.106.216
[2022-02-13 15:47:14.880511] Team members: [('Tercüman', 'Mehmet Duhan', '5296149'), ("M'Sallem", 'Samir Faycal Tahar', '5276295')]
[2022-02-13 15:47:15.157006] Your submission was ACCEPTED for course 'Compilerbau-ws21', assignment 'Aufgabe-2'.
[2022-02-13 15:47:15.157391] Your submission has the id 93872279-4164-461f-8a58-c555a09ce863.
[2022-02-13 15:47:15.157949] It will be evaluated shortly. Please check back soon for your results.

[2022-02-13 15:47:14.573224] === END Upload Log
[2022-02-13 15:47:14.573353] Successfully submitted your solution. Please see the upload log above for more details.
[2022-02-13 15:47:14.589184] Polling for results (Press CTRL + C to abort).
[2022-02-13 15:47:14.653626] .
[2022-02-13 15:47:15.728555] .
[2022-02-13 15:47:16.796149] .
[2022-02-13 15:47:17.870483] .
[2022-02-13 15:47:18.940044] .
[2022-02-13 15:47:20.009534] .
[2022-02-13 15:47:21.068211] .
[2022-02-13 15:47:22.130427] .
[2022-02-13 15:47:23.189890] .
[2022-02-13 15:47:24.267805] .
[2022-02-13 15:47:25.335133] .
[2022-02-13 15:47:26.398452] .
[2022-02-13 15:47:27.457252] .
[2022-02-13 15:47:28.527428] .
[2022-02-13 15:47:29.611758] .
[2022-02-13 15:47:30.690943] .
[2022-02-13 15:47:31.759422] .
[2022-02-13 15:47:32.827144] .
[2022-02-13 15:47:33.923021] .
[2022-02-13 15:47:34.998994] .
[2022-02-13 15:47:36.067003] .
[2022-02-13 15:47:37.139475] .
[2022-02-13 15:47:38.219359] .
[2022-02-13 15:47:39.304376] .
[2022-02-13 15:47:40.379632] .
[2022-02-13 15:47:41.450640] .
[2022-02-13 15:47:42.641377] 
=== Evaluation results for submission '93872279-4164-461f-8a58-c555a09ce863' retrieved. ===
[2022-02-13 15:47:42.641537] You achieved the score 0/38 (0%).
[2022-02-13 15:47:42.641660] You have NOT PASSED this assignment.
[2022-02-13 15:47:42.641842] Sorry, again.
