[2022-02-20 18:51:29.376889] Bootstrap log:
Identified Python 3.8.10 at /usr/bin/python3.8
[Bootstrap] Identified pip 20.0.2 from /usr/lib/python3/dist-packages/pip (python 3.8)' at /usr/bin/python3.8 -m pip
[Bootstrap] Identified 'pipenv, version 2020.11.15' at /usr/bin/python3.8 -m pipenv
[Bootstrap] Running '/usr/bin/python3.8 -m pipenv install --python 3.8' to ensure the existence of a virtual environment.
[Bootstrap] This may take a moment.
Virtualenv already exists!
Removing existing virtualenv...
Creating a virtualenv for this project...
Pipfile: /mnt/c/users/msall/documents/uni/CB/.submitscript/src/Pipfile
Using /usr/bin/python3.8 (3.8.10) to create virtualenv...

⠋ Creating virtual environment...
⠙ Creating virtual environment...
⠹ Creating virtual environment...created virtual environment CPython3.8.10.final.0-64 in 143ms
  creator CPython3Posix(dest=/home/samir/.local/share/virtualenvs/src-iKuWu0KK, clear=False, no_vcs_ignore=False, global=False)
  seeder FromAppData(download=False, pip=bundle, setuptools=bundle, wheel=bundle, via=copy, app_data_dir=/home/samir/.local/share/virtualenv)
    added seed packages: pip==21.3.1, setuptools==58.3.0, wheel==0.37.0
  activators BashActivator,CShellActivator,FishActivator,NushellActivator,PowerShellActivator,PythonActivator

✔ Successfully created virtual environment! 
Virtualenv location: /home/samir/.local/share/virtualenvs/src-iKuWu0KK
Installing dependencies from Pipfile.lock (da6003)...
To activate this project's virtualenv, run pipenv shell.
Alternatively, run a command inside the virtualenv with pipenv run.
[Bootstrap] Running the script in a virtual environment.
/usr/bin/python3.8 -m pipenv run python3 ./main.py

[2022-02-20 18:51:29.377162] === Welcome ===
[2022-02-20 18:51:29.532793] Please review the currently saved information about your team:
[2022-02-20 18:51:29.535064]  1 - First name: Mehmet Duhan; Last name: Tercüman; Matriculation number: 5296149
[2022-02-20 18:51:29.535251]  2 - First name: Samir Faycal Tahar; Last name: M'Sallem; Matriculation number: 5276295
[2022-02-20 18:51:33.841800] 
[2022-02-20 18:51:34.732687] 
[2022-02-20 18:51:34.732931] === Submitting ===
[2022-02-20 18:51:35.261664] 
[2022-02-20 18:51:35.264531] 
[2022-02-20 18:51:35.264641] Selected variant 'Java SPL Compiler' for assignment 'Aufgabe-2'.
[2022-02-20 18:51:37.341289] === Building submission ===
[2022-02-20 18:51:37.341457] Running 'mvn clean compile'.
[2022-02-20 18:51:37.341582] === Building submission finished ===
[2022-02-20 18:51:40.139763] === Cleaning directory for submission ===
[2022-02-20 18:51:40.145920] === Cleaning directory finished ===
[2022-02-20 18:51:40.161454] === Starting Upload ===
[2022-02-20 18:51:40.672993] === Upload finished ===
[2022-02-20 18:51:40.673124] === BEGIN Upload Log
[2022-02-20 18:51:40.673243] [2022-02-20 18:51:41.528388] Received submission 4ef15c7a-aee1-413c-bb68-4ca954e164da
[2022-02-20 18:51:41.529118] Ip: 10.196.108.159
[2022-02-20 18:51:41.529311] Team members: [('Tercüman', 'Mehmet Duhan', '5296149'), ("M'Sallem", 'Samir Faycal Tahar', '5276295')]
[2022-02-20 18:51:41.866831] Your submission was ACCEPTED for course 'Compilerbau-ws21', assignment 'Aufgabe-2'.
[2022-02-20 18:51:41.867142] Your submission has the id 4ef15c7a-aee1-413c-bb68-4ca954e164da.
[2022-02-20 18:51:41.867684] It will be evaluated shortly. Please check back soon for your results.

[2022-02-20 18:51:40.673355] === END Upload Log
[2022-02-20 18:51:40.673463] Successfully submitted your solution. Please see the upload log above for more details.
[2022-02-20 18:51:40.689337] Polling for results (Press CTRL + C to abort).
[2022-02-20 18:51:40.764750] .
[2022-02-20 18:51:41.848225] .
[2022-02-20 18:51:42.919956] .
[2022-02-20 18:51:43.988326] .
[2022-02-20 18:51:45.082133] .
[2022-02-20 18:51:46.153608] .
[2022-02-20 18:51:47.222721] .
[2022-02-20 18:51:48.296182] .
[2022-02-20 18:51:49.370488] .
[2022-02-20 18:51:50.473948] .
[2022-02-20 18:51:51.548533] .
[2022-02-20 18:51:52.607959] .
[2022-02-20 18:51:53.677555] .
[2022-02-20 18:51:54.755543] .
[2022-02-20 18:51:55.865752] .
[2022-02-20 18:51:56.954409] .
[2022-02-20 18:51:58.027905] .
[2022-02-20 18:51:59.111394] .
[2022-02-20 18:52:00.199235] .
[2022-02-20 18:52:01.271172] .
[2022-02-20 18:52:02.346499] .
[2022-02-20 18:52:03.419432] .
[2022-02-20 18:52:04.499421] .
[2022-02-20 18:52:05.605990] .
[2022-02-20 18:52:06.679160] .
[2022-02-20 18:52:07.881588] 
=== Evaluation results for submission '4ef15c7a-aee1-413c-bb68-4ca954e164da' retrieved. ===
[2022-02-20 18:52:07.881728] You achieved the score 0/38 (0%).
[2022-02-20 18:52:07.881838] You have NOT PASSED this assignment.
[2022-02-20 18:52:11.891897] === BEGIN Evaluation Log
[2022-02-20 18:52:11.892247] [2022-02-20 18:51:41.868768] Start of evaluation log for submission '4ef15c7a-aee1-413c-bb68-4ca954e164da'.
[2022-02-20 18:51:41.869113] Team member: ('Tercüman', 'Mehmet Duhan', '5296149')
[2022-02-20 18:51:41.869291] Team member: ("M'Sallem", 'Samir Faycal Tahar', '5276295')
[2022-02-20 18:51:41.898904] Preparing the sandbox
[2022-02-20 18:51:42.670176] Unpacking submission in sandbox
[2022-02-20 18:51:43.115164] Building the test subject
[2022-02-20 18:51:43.115520] Identified the Java variant.
[2022-02-20 18:51:43.250099] Building Java solution with maven.
[2022-02-20 18:51:54.772419] Maven log:
WARNING: An illegal reflective access operation has occurred
WARNING: Illegal reflective access by com.google.inject.internal.cglib.core.$ReflectUtils$1 (file:/usr/share/maven/lib/guice.jar) to method java.lang.ClassLoader.defineClass(java.lang.String,byte[],int,int,java.security.ProtectionDomain)
WARNING: Please consider reporting this to the maintainers of com.google.inject.internal.cglib.core.$ReflectUtils$1
WARNING: Use --illegal-access=warn to enable warnings of further illegal reflective access operations
WARNING: All illegal access operations will be denied in a future release
[INFO] Scanning for projects...
[INFO] 
[INFO] --------------< de.thm.mni.compilerbau.spl-reference:spl >--------------
[INFO] Building spl 0.1
[INFO] --------------------------------[ jar ]---------------------------------
[INFO] 
[INFO] --- jflex-maven-plugin:1.7.0:generate (default) @ spl ---
[INFO]   generated /home/solution/java/target/generated-sources/jflex/de/thm/mni/compilerbau/phases/_01_scanner/Scanner.java
[INFO] 
[INFO] --- cup-maven-plugin:11b-20160615:generate (default) @ spl ---
Warning : Non terminal "Var" was declared but never used
Warning : Non terminal "NotEmptyParam" was declared but never used
Warning : Non terminal "TypeExpression" was declared but never used
Warning : Non terminal "BinaryExpression" was declared but never used
Warning : *** Shift/Reduce conflict found in state #91
  between IfStatement ::= IF LPAREN Expression RPAREN Statement (*) 
  and     IfStatement ::= IF LPAREN Expression RPAREN Statement (*) ELSE Statement 
  under symbol ELSE
  Resolved in favor of shifting.

[INFO]   generated /home/solution/java/target/generated-sources/cup/de/thm/mni/compilerbau/phases/_02_03_parser/Parser.java
[INFO]   generated /home/solution/java/target/generated-sources/cup/de/thm/mni/compilerbau/phases/_02_03_parser/Sym.java
[INFO] 
[INFO] --- maven-resources-plugin:2.6:resources (default-resources) @ spl ---
[INFO] Using 'UTF-8' encoding to copy filtered resources.
[INFO] skip non existing resourceDirectory /home/solution/java/src/main/resources
[INFO] 
[INFO] --- maven-compiler-plugin:3.8.0:compile (default-compile) @ spl ---
[INFO] Changes detected - recompiling the module!
[INFO] Compiling 57 source files to /home/solution/java/target/classes
[INFO] /home/solution/java/target/generated-sources/jflex/de/thm/mni/compilerbau/phases/_01_scanner/Scanner.java: /home/solution/java/target/generated-sources/jflex/de/thm/mni/compilerbau/phases/_01_scanner/Scanner.java uses or overrides a deprecated API.
[INFO] /home/solution/java/target/generated-sources/jflex/de/thm/mni/compilerbau/phases/_01_scanner/Scanner.java: Recompile with -Xlint:deprecation for details.
[INFO] /home/solution/java/target/generated-sources/cup/de/thm/mni/compilerbau/phases/_02_03_parser/Parser.java: /home/solution/java/target/generated-sources/cup/de/thm/mni/compilerbau/phases/_02_03_parser/Parser.java uses unchecked or unsafe operations.
[INFO] /home/solution/java/target/generated-sources/cup/de/thm/mni/compilerbau/phases/_02_03_parser/Parser.java: Recompile with -Xlint:unchecked for details.
[INFO] 
[INFO] --- maven-resources-plugin:2.6:testResources (default-testResources) @ spl ---
[INFO] Using 'UTF-8' encoding to copy filtered resources.
[INFO] skip non existing resourceDirectory /home/solution/java/src/test/resources
[INFO] 
[INFO] --- maven-compiler-plugin:3.8.0:testCompile (default-testCompile) @ spl ---
[INFO] No sources to compile
[INFO] 
[INFO] --- maven-surefire-plugin:2.12.4:test (default-test) @ spl ---
[INFO] No tests to run.
[INFO] 
[INFO] --- maven-jar-plugin:2.4:jar (default-jar) @ spl ---
[INFO] Building jar: /home/solution/java/target/spl.jar
[INFO] 
[INFO] --- maven-shade-plugin:3.1.0:shade (default) @ spl ---
[INFO] Including com.github.vbmacher:java-cup-runtime:jar:11b-20160615 in the shaded jar.
[INFO] Replacing original artifact with shaded artifact.
[INFO] Replacing /home/solution/java/target/spl.jar with /home/solution/java/target/spl-0.1-shaded.jar
[INFO] Dependency-reduced POM written at: /home/solution/java/dependency-reduced-pom.xml
[INFO] ------------------------------------------------------------------------
[INFO] BUILD SUCCESS
[INFO] ------------------------------------------------------------------------
[INFO] Total time:  8.334 s
[INFO] Finished at: 2022-02-20T17:51:54Z
[INFO] ------------------------------------------------------------------------
[2022-02-20 18:51:54.931198] Beginning evaluation.
[2022-02-20 18:51:54.931452] Evaluating 101_undefined_type.spl with the submitted solution.
[2022-02-20 18:51:55.282058] Submission exited with exit code 1, which is not allowed. Allowed: [0, 99, 140, 100, 101, 102, 103, 104, 105, 106, 107, 108, 109, 110, 111, 112, 113, 114, 115, 116, 117, 118, 119, 120, 121, 122, 123, 124, 125, 126, 127]
[2022-02-20 18:51:55.282727] Output (stdout + stderr) of 'java -jar /home/solution/java/target/spl.jar /home/tests/101_undefined_type.spl /home/temp/101_undefined_type.spl.s' (Limited to 50 lines/10000 characters):
An error occurred: null
de.thm.mni.compilerbau.utils.NotImplemented
	at de.thm.mni.compilerbau.phases._04a_tablebuild.TableBuilder.buildSymbolTable(TableBuilder.java:32)
	at de.thm.mni.compilerbau.Main.main(Main.java:83)
[2022-02-20 18:51:55.282812] Test not passed.
[2022-02-20 18:51:55.282827] Running Score: 0/1

[2022-02-20 18:51:55.282856] Evaluating 102_not_a_type.spl with the submitted solution.
[2022-02-20 18:51:55.626010] Submission exited with exit code 1, which is not allowed. Allowed: [0, 99, 140, 100, 101, 102, 103, 104, 105, 106, 107, 108, 109, 110, 111, 112, 113, 114, 115, 116, 117, 118, 119, 120, 121, 122, 123, 124, 125, 126, 127]
[2022-02-20 18:51:55.626092] Output (stdout + stderr) of 'java -jar /home/solution/java/target/spl.jar /home/tests/102_not_a_type.spl /home/temp/102_not_a_type.spl.s' (Limited to 50 lines/10000 characters):
An error occurred: null
de.thm.mni.compilerbau.utils.NotImplemented
	at de.thm.mni.compilerbau.phases._04a_tablebuild.TableBuilder.buildSymbolTable(TableBuilder.java:32)
	at de.thm.mni.compilerbau.Main.main(Main.java:83)
[2022-02-20 18:51:55.626166] Test not passed.
[2022-02-20 18:51:55.626184] Running Score: 0/2

[2022-02-20 18:51:55.626214] Evaluating 103_redeclaration_as_type.spl with the submitted solution.
[2022-02-20 18:51:55.961766] Submission exited with exit code 1, which is not allowed. Allowed: [0, 99, 140, 100, 101, 102, 103, 104, 105, 106, 107, 108, 109, 110, 111, 112, 113, 114, 115, 116, 117, 118, 119, 120, 121, 122, 123, 124, 125, 126, 127]
[2022-02-20 18:51:55.961836] Output (stdout + stderr) of 'java -jar /home/solution/java/target/spl.jar /home/tests/103_redeclaration_as_type.spl /home/temp/103_redeclaration_as_type.spl.s' (Limited to 50 lines/10000 characters):
An error occurred: null
de.thm.mni.compilerbau.utils.NotImplemented
	at de.thm.mni.compilerbau.phases._04a_tablebuild.TableBuilder.buildSymbolTable(TableBuilder.java:32)
	at de.thm.mni.compilerbau.Main.main(Main.java:83)
[2022-02-20 18:51:55.963122] Test not passed.
[2022-02-20 18:51:55.963152] Running Score: 0/3

[2022-02-20 18:51:55.963182] Evaluating 104_must_be_reference_parameter.spl with the submitted solution.
[2022-02-20 18:51:56.311297] Submission exited with exit code 1, which is not allowed. Allowed: [0, 99, 140, 100, 101, 102, 103, 104, 105, 106, 107, 108, 109, 110, 111, 112, 113, 114, 115, 116, 117, 118, 119, 120, 121, 122, 123, 124, 125, 126, 127]
[2022-02-20 18:51:56.311356] Output (stdout + stderr) of 'java -jar /home/solution/java/target/spl.jar /home/tests/104_must_be_reference_parameter.spl /home/temp/104_must_be_reference_parameter.spl.s' (Limited to 50 lines/10000 characters):
An error occurred: null
de.thm.mni.compilerbau.utils.NotImplemented
	at de.thm.mni.compilerbau.phases._04a_tablebuild.TableBuilder.buildSymbolTable(TableBuilder.java:32)
	at de.thm.mni.compilerbau.Main.main(Main.java:83)
[2022-02-20 18:51:56.311418] Test not passed.
[2022-02-20 18:51:56.311433] Running Score: 0/4

[2022-02-20 18:51:56.311458] Evaluating 105_redeclaration_as_procedure.spl with the submitted solution.
[2022-02-20 18:51:56.660406] Submission exited with exit code 1, which is not allowed. Allowed: [0, 99, 140, 100, 101, 102, 103, 104, 105, 106, 107, 108, 109, 110, 111, 112, 113, 114, 115, 116, 117, 118, 119, 120, 121, 122, 123, 124, 125, 126, 127]
[2022-02-20 18:51:56.660482] Output (stdout + stderr) of 'java -jar /home/solution/java/target/spl.jar /home/tests/105_redeclaration_as_procedure.spl /home/temp/105_redeclaration_as_procedure.spl.s' (Limited to 50 lines/10000 characters):
An error occurred: null
de.thm.mni.compilerbau.utils.NotImplemented
	at de.thm.mni.compilerbau.phases._04a_tablebuild.TableBuilder.buildSymbolTable(TableBuilder.java:32)
	at de.thm.mni.compilerbau.Main.main(Main.java:83)
[2022-02-20 18:51:56.660550] Test not passed.
[2022-02-20 18:51:56.660565] Running Score: 0/5

[2022-02-20 18:51:56.660592] Evaluating 106_redeclaration_as_parameter.spl with the submitted solution.
[2022-02-20 18:51:56.989683] Submission exited with exit code 1, which is not allowed. Allowed: [0, 99, 140, 100, 101, 102, 103, 104, 105, 106, 107, 108, 109, 110, 111, 112, 113, 114, 115, 116, 117, 118, 119, 120, 121, 122, 123, 124, 125, 126, 127]
[2022-02-20 18:51:56.990860] Output (stdout + stderr) of 'java -jar /home/solution/java/target/spl.jar /home/tests/106_redeclaration_as_parameter.spl /home/temp/106_redeclaration_as_parameter.spl.s' (Limited to 50 lines/10000 characters):
An error occurred: null
de.thm.mni.compilerbau.utils.NotImplemented
	at de.thm.mni.compilerbau.phases._04a_tablebuild.TableBuilder.buildSymbolTable(TableBuilder.java:32)
	at de.thm.mni.compilerbau.Main.main(Main.java:83)
[2022-02-20 18:51:56.990949] Test not passed.
[2022-02-20 18:51:56.990965] Running Score: 0/6

[2022-02-20 18:51:56.990995] Evaluating 107_redeclaration_as_variable.spl with the submitted solution.
[2022-02-20 18:51:57.330350] Submission exited with exit code 1, which is not allowed. Allowed: [0, 99, 140, 100, 101, 102, 103, 104, 105, 106, 107, 108, 109, 110, 111, 112, 113, 114, 115, 116, 117, 118, 119, 120, 121, 122, 123, 124, 125, 126, 127]
[2022-02-20 18:51:57.330414] Output (stdout + stderr) of 'java -jar /home/solution/java/target/spl.jar /home/tests/107_redeclaration_as_variable.spl /home/temp/107_redeclaration_as_variable.spl.s' (Limited to 50 lines/10000 characters):
An error occurred: null
de.thm.mni.compilerbau.utils.NotImplemented
	at de.thm.mni.compilerbau.phases._04a_tablebuild.TableBuilder.buildSymbolTable(TableBuilder.java:32)
	at de.thm.mni.compilerbau.Main.main(Main.java:83)
[2022-02-20 18:51:57.330476] Test not passed.
[2022-02-20 18:51:57.330491] Running Score: 0/7

[2022-02-20 18:51:57.330516] Evaluating 112_undefined_procedure.spl with the submitted solution.
[2022-02-20 18:51:57.663060] Submission exited with exit code 1, which is not allowed. Allowed: [0, 99, 140, 100, 101, 102, 103, 104, 105, 106, 107, 108, 109, 110, 111, 112, 113, 114, 115, 116, 117, 118, 119, 120, 121, 122, 123, 124, 125, 126, 127]
[2022-02-20 18:51:57.663133] Output (stdout + stderr) of 'java -jar /home/solution/java/target/spl.jar /home/tests/112_undefined_procedure.spl /home/temp/112_undefined_procedure.spl.s' (Limited to 50 lines/10000 characters):
An error occurred: null
de.thm.mni.compilerbau.utils.NotImplemented
	at de.thm.mni.compilerbau.phases._04a_tablebuild.TableBuilder.buildSymbolTable(TableBuilder.java:32)
	at de.thm.mni.compilerbau.Main.main(Main.java:83)
[2022-02-20 18:51:57.664369] Test not passed.
[2022-02-20 18:51:57.664398] Running Score: 0/8

[2022-02-20 18:51:57.664428] Evaluating 113_call_of_non_procedure.spl with the submitted solution.
[2022-02-20 18:51:57.999555] Submission exited with exit code 1, which is not allowed. Allowed: [0, 99, 140, 100, 101, 102, 103, 104, 105, 106, 107, 108, 109, 110, 111, 112, 113, 114, 115, 116, 117, 118, 119, 120, 121, 122, 123, 124, 125, 126, 127]
[2022-02-20 18:51:57.999627] Output (stdout + stderr) of 'java -jar /home/solution/java/target/spl.jar /home/tests/113_call_of_non_procedure.spl /home/temp/113_call_of_non_procedure.spl.s' (Limited to 50 lines/10000 characters):
An error occurred: null
de.thm.mni.compilerbau.utils.NotImplemented
	at de.thm.mni.compilerbau.phases._04a_tablebuild.TableBuilder.buildSymbolTable(TableBuilder.java:32)
	at de.thm.mni.compilerbau.Main.main(Main.java:83)
[2022-02-20 18:51:58.000784] Test not passed.
[2022-02-20 18:51:58.000814] Running Score: 0/9

[2022-02-20 18:51:58.000845] Evaluating 114_argument_type_mismatch.spl with the submitted solution.
[2022-02-20 18:51:58.349594] Submission exited with exit code 1, which is not allowed. Allowed: [0, 99, 140, 100, 101, 102, 103, 104, 105, 106, 107, 108, 109, 110, 111, 112, 113, 114, 115, 116, 117, 118, 119, 120, 121, 122, 123, 124, 125, 126, 127]
[2022-02-20 18:51:58.349659] Output (stdout + stderr) of 'java -jar /home/solution/java/target/spl.jar /home/tests/114_argument_type_mismatch.spl /home/temp/114_argument_type_mismatch.spl.s' (Limited to 50 lines/10000 characters):
An error occurred: null
de.thm.mni.compilerbau.utils.NotImplemented
	at de.thm.mni.compilerbau.phases._04a_tablebuild.TableBuilder.buildSymbolTable(TableBuilder.java:32)
	at de.thm.mni.compilerbau.Main.main(Main.java:83)
[2022-02-20 18:51:58.349722] Test not passed.
[2022-02-20 18:51:58.349737] Running Score: 0/10

[2022-02-20 18:51:58.349763] Evaluating 115_argument_must_be_variable.spl with the submitted solution.
[2022-02-20 18:51:58.691635] Submission exited with exit code 1, which is not allowed. Allowed: [0, 99, 140, 100, 101, 102, 103, 104, 105, 106, 107, 108, 109, 110, 111, 112, 113, 114, 115, 116, 117, 118, 119, 120, 121, 122, 123, 124, 125, 126, 127]
[2022-02-20 18:51:58.691708] Output (stdout + stderr) of 'java -jar /home/solution/java/target/spl.jar /home/tests/115_argument_must_be_variable.spl /home/temp/115_argument_must_be_variable.spl.s' (Limited to 50 lines/10000 characters):
An error occurred: null
de.thm.mni.compilerbau.utils.NotImplemented
	at de.thm.mni.compilerbau.phases._04a_tablebuild.TableBuilder.buildSymbolTable(TableBuilder.java:32)
	at de.thm.mni.compilerbau.Main.main(Main.java:83)
[2022-02-20 18:51:58.693011] Test not passed.
[2022-02-20 18:51:58.693100] Running Score: 0/11

[2022-02-20 18:51:58.693130] Evaluating 116_procedure_too_few_arguments.spl with the submitted solution.
[2022-02-20 18:51:59.035395] Submission exited with exit code 1, which is not allowed. Allowed: [0, 99, 140, 100, 101, 102, 103, 104, 105, 106, 107, 108, 109, 110, 111, 112, 113, 114, 115, 116, 117, 118, 119, 120, 121, 122, 123, 124, 125, 126, 127]
[2022-02-20 18:51:59.035463] Output (stdout + stderr) of 'java -jar /home/solution/java/target/spl.jar /home/tests/116_procedure_too_few_arguments.spl /home/temp/116_procedure_too_few_arguments.spl.s' (Limited to 50 lines/10000 characters):
An error occurred: null
de.thm.mni.compilerbau.utils.NotImplemented
	at de.thm.mni.compilerbau.phases._04a_tablebuild.TableBuilder.buildSymbolTable(TableBuilder.java:32)
	at de.thm.mni.compilerbau.Main.main(Main.java:83)
[2022-02-20 18:51:59.036746] Test not passed.
[2022-02-20 18:51:59.036776] Running Score: 0/12

[2022-02-20 18:51:59.036807] Evaluating 117_procedure_too_many_arguments.spl with the submitted solution.
[2022-02-20 18:51:59.384106] Submission exited with exit code 1, which is not allowed. Allowed: [0, 99, 140, 100, 101, 102, 103, 104, 105, 106, 107, 108, 109, 110, 111, 112, 113, 114, 115, 116, 117, 118, 119, 120, 121, 122, 123, 124, 125, 126, 127]
[2022-02-20 18:51:59.384162] Output (stdout + stderr) of 'java -jar /home/solution/java/target/spl.jar /home/tests/117_procedure_too_many_arguments.spl /home/temp/117_procedure_too_many_arguments.spl.s' (Limited to 50 lines/10000 characters):
An error occurred: null
de.thm.mni.compilerbau.utils.NotImplemented
	at de.thm.mni.compilerbau.phases._04a_tablebuild.TableBuilder.buildSymbolTable(TableBuilder.java:32)
	at de.thm.mni.compilerbau.Main.main(Main.java:83)
[2022-02-20 18:51:59.384238] Test not passed.
[2022-02-20 18:51:59.384254] Running Score: 0/13

[2022-02-20 18:51:59.384280] Evaluating 121_undefined_variable.spl with the submitted solution.
[2022-02-20 18:51:59.734146] Submission exited with exit code 1, which is not allowed. Allowed: [0, 99, 140, 100, 101, 102, 103, 104, 105, 106, 107, 108, 109, 110, 111, 112, 113, 114, 115, 116, 117, 118, 119, 120, 121, 122, 123, 124, 125, 126, 127]
[2022-02-20 18:51:59.735435] Output (stdout + stderr) of 'java -jar /home/solution/java/target/spl.jar /home/tests/121_undefined_variable.spl /home/temp/121_undefined_variable.spl.s' (Limited to 50 lines/10000 characters):
An error occurred: null
de.thm.mni.compilerbau.utils.NotImplemented
	at de.thm.mni.compilerbau.phases._04a_tablebuild.TableBuilder.buildSymbolTable(TableBuilder.java:32)
	at de.thm.mni.compilerbau.Main.main(Main.java:83)
[2022-02-20 18:51:59.735527] Test not passed.
[2022-02-20 18:51:59.735544] Running Score: 0/14

[2022-02-20 18:51:59.735574] Evaluating 122_not_a_variable.spl with the submitted solution.
[2022-02-20 18:52:00.079506] Submission exited with exit code 1, which is not allowed. Allowed: [0, 99, 140, 100, 101, 102, 103, 104, 105, 106, 107, 108, 109, 110, 111, 112, 113, 114, 115, 116, 117, 118, 119, 120, 121, 122, 123, 124, 125, 126, 127]
[2022-02-20 18:52:00.079577] Output (stdout + stderr) of 'java -jar /home/solution/java/target/spl.jar /home/tests/122_not_a_variable.spl /home/temp/122_not_a_variable.spl.s' (Limited to 50 lines/10000 characters):
An error occurred: null
de.thm.mni.compilerbau.utils.NotImplemented
	at de.thm.mni.compilerbau.phases._04a_tablebuild.TableBuilder.buildSymbolTable(TableBuilder.java:32)
	at de.thm.mni.compilerbau.Main.main(Main.java:83)
[2022-02-20 18:52:00.079646] Test not passed.
[2022-02-20 18:52:00.079661] Running Score: 0/15

[2022-02-20 18:52:00.079690] Evaluating 123_indexing_non_array.spl with the submitted solution.
[2022-02-20 18:52:00.439150] Submission exited with exit code 1, which is not allowed. Allowed: [0, 99, 140, 100, 101, 102, 103, 104, 105, 106, 107, 108, 109, 110, 111, 112, 113, 114, 115, 116, 117, 118, 119, 120, 121, 122, 123, 124, 125, 126, 127]
[2022-02-20 18:52:00.439214] Output (stdout + stderr) of 'java -jar /home/solution/java/target/spl.jar /home/tests/123_indexing_non_array.spl /home/temp/123_indexing_non_array.spl.s' (Limited to 50 lines/10000 characters):
An error occurred: null
de.thm.mni.compilerbau.utils.NotImplemented
	at de.thm.mni.compilerbau.phases._04a_tablebuild.TableBuilder.buildSymbolTable(TableBuilder.java:32)
	at de.thm.mni.compilerbau.Main.main(Main.java:83)
[2022-02-20 18:52:00.439281] Test not passed.
[2022-02-20 18:52:00.439301] Running Score: 0/16

[2022-02-20 18:52:00.439329] Evaluating 124_indexing_with_non_integer.spl with the submitted solution.
[2022-02-20 18:52:00.784952] Submission exited with exit code 1, which is not allowed. Allowed: [0, 99, 140, 100, 101, 102, 103, 104, 105, 106, 107, 108, 109, 110, 111, 112, 113, 114, 115, 116, 117, 118, 119, 120, 121, 122, 123, 124, 125, 126, 127]
[2022-02-20 18:52:00.785042] Output (stdout + stderr) of 'java -jar /home/solution/java/target/spl.jar /home/tests/124_indexing_with_non_integer.spl /home/temp/124_indexing_with_non_integer.spl.s' (Limited to 50 lines/10000 characters):
An error occurred: null
de.thm.mni.compilerbau.utils.NotImplemented
	at de.thm.mni.compilerbau.phases._04a_tablebuild.TableBuilder.buildSymbolTable(TableBuilder.java:32)
	at de.thm.mni.compilerbau.Main.main(Main.java:83)
[2022-02-20 18:52:00.785108] Test not passed.
[2022-02-20 18:52:00.785123] Running Score: 0/17

[2022-02-20 18:52:00.785150] Evaluating 126_main_not_a_procedure.spl with the submitted solution.
[2022-02-20 18:52:01.128048] Submission exited with exit code 1, which is not allowed. Allowed: [0, 99, 140, 100, 101, 102, 103, 104, 105, 106, 107, 108, 109, 110, 111, 112, 113, 114, 115, 116, 117, 118, 119, 120, 121, 122, 123, 124, 125, 126, 127]
[2022-02-20 18:52:01.129117] Output (stdout + stderr) of 'java -jar /home/solution/java/target/spl.jar /home/tests/126_main_not_a_procedure.spl /home/temp/126_main_not_a_procedure.spl.s' (Limited to 50 lines/10000 characters):
An error occurred: null
de.thm.mni.compilerbau.utils.NotImplemented
	at de.thm.mni.compilerbau.phases._04a_tablebuild.TableBuilder.buildSymbolTable(TableBuilder.java:32)
	at de.thm.mni.compilerbau.Main.main(Main.java:83)
[2022-02-20 18:52:01.129201] Test not passed.
[2022-02-20 18:52:01.129217] Running Score: 0/18

[2022-02-20 18:52:01.129247] Evaluating 127_main_must_not_have_parameters.spl with the submitted solution.
[2022-02-20 18:52:01.471964] Submission exited with exit code 1, which is not allowed. Allowed: [0, 99, 140, 100, 101, 102, 103, 104, 105, 106, 107, 108, 109, 110, 111, 112, 113, 114, 115, 116, 117, 118, 119, 120, 121, 122, 123, 124, 125, 126, 127]
[2022-02-20 18:52:01.472033] Output (stdout + stderr) of 'java -jar /home/solution/java/target/spl.jar /home/tests/127_main_must_not_have_parameters.spl /home/temp/127_main_must_not_have_parameters.spl.s' (Limited to 50 lines/10000 characters):
An error occurred: null
de.thm.mni.compilerbau.utils.NotImplemented
	at de.thm.mni.compilerbau.phases._04a_tablebuild.TableBuilder.buildSymbolTable(TableBuilder.java:32)
	at de.thm.mni.compilerbau.Main.main(Main.java:83)
[2022-02-20 18:52:01.472098] Test not passed.
[2022-02-20 18:52:01.472114] Running Score: 0/19

[2022-02-20 18:52:01.472140] Evaluating acker.spl with the submitted solution.
[2022-02-20 18:52:01.852936] Submission exited with exit code 1, which is not allowed. Allowed: [0, 99, 140, 100, 101, 102, 103, 104, 105, 106, 107, 108, 109, 110, 111, 112, 113, 114, 115, 116, 117, 118, 119, 120, 121, 122, 123, 124, 125, 126, 127]
[2022-02-20 18:52:01.853005] Output (stdout + stderr) of 'java -jar /home/solution/java/target/spl.jar /home/tests/acker.spl /home/temp/acker.spl.s' (Limited to 50 lines/10000 characters):
An error occurred: null
de.thm.mni.compilerbau.utils.NotImplemented
	at de.thm.mni.compilerbau.phases._04a_tablebuild.TableBuilder.buildSymbolTable(TableBuilder.java:32)
	at de.thm.mni.compilerbau.Main.main(Main.java:83)
[2022-02-20 18:52:01.853105] Test not passed.
[2022-02-20 18:52:01.853239] Running Score: 0/20

[2022-02-20 18:52:01.853280] Evaluating bigtest.spl with the submitted solution.
[2022-02-20 18:52:02.267694] Submission exited with exit code 1, which is not allowed. Allowed: [0, 99, 140, 100, 101, 102, 103, 104, 105, 106, 107, 108, 109, 110, 111, 112, 113, 114, 115, 116, 117, 118, 119, 120, 121, 122, 123, 124, 125, 126, 127]
[2022-02-20 18:52:02.268879] Output (stdout + stderr) of 'java -jar /home/solution/java/target/spl.jar /home/tests/bigtest.spl /home/temp/bigtest.spl.s' (Limited to 50 lines/10000 characters):
An error occurred: null
de.thm.mni.compilerbau.utils.NotImplemented
	at de.thm.mni.compilerbau.phases._04a_tablebuild.TableBuilder.buildSymbolTable(TableBuilder.java:32)
	at de.thm.mni.compilerbau.Main.main(Main.java:83)
[2022-02-20 18:52:02.268974] Test not passed.
[2022-02-20 18:52:02.268991] Running Score: 0/21

[2022-02-20 18:52:02.269040] Evaluating bits.spl with the submitted solution.
[2022-02-20 18:52:02.640342] Submission exited with exit code 1, which is not allowed. Allowed: [0, 99, 140, 100, 101, 102, 103, 104, 105, 106, 107, 108, 109, 110, 111, 112, 113, 114, 115, 116, 117, 118, 119, 120, 121, 122, 123, 124, 125, 126, 127]
[2022-02-20 18:52:02.640402] Output (stdout + stderr) of 'java -jar /home/solution/java/target/spl.jar /home/tests/bits.spl /home/temp/bits.spl.s' (Limited to 50 lines/10000 characters):
An error occurred: null
de.thm.mni.compilerbau.utils.NotImplemented
	at de.thm.mni.compilerbau.phases._04a_tablebuild.TableBuilder.buildSymbolTable(TableBuilder.java:32)
	at de.thm.mni.compilerbau.Main.main(Main.java:83)
[2022-02-20 18:52:02.640466] Test not passed.
[2022-02-20 18:52:02.640481] Running Score: 0/22

[2022-02-20 18:52:02.640506] Evaluating gcd.spl with the submitted solution.
[2022-02-20 18:52:03.016495] Submission exited with exit code 1, which is not allowed. Allowed: [0, 99, 140, 100, 101, 102, 103, 104, 105, 106, 107, 108, 109, 110, 111, 112, 113, 114, 115, 116, 117, 118, 119, 120, 121, 122, 123, 124, 125, 126, 127]
[2022-02-20 18:52:03.017114] Output (stdout + stderr) of 'java -jar /home/solution/java/target/spl.jar /home/tests/gcd.spl /home/temp/gcd.spl.s' (Limited to 50 lines/10000 characters):
An error occurred: null
de.thm.mni.compilerbau.utils.NotImplemented
	at de.thm.mni.compilerbau.phases._04a_tablebuild.TableBuilder.buildSymbolTable(TableBuilder.java:32)
	at de.thm.mni.compilerbau.Main.main(Main.java:83)
[2022-02-20 18:52:03.017203] Test not passed.
[2022-02-20 18:52:03.017219] Running Score: 0/23

[2022-02-20 18:52:03.017248] Evaluating inttest.spl with the submitted solution.
[2022-02-20 18:52:03.364450] Submission exited with exit code 1, which is not allowed. Allowed: [0, 99, 140, 100, 101, 102, 103, 104, 105, 106, 107, 108, 109, 110, 111, 112, 113, 114, 115, 116, 117, 118, 119, 120, 121, 122, 123, 124, 125, 126, 127]
[2022-02-20 18:52:03.364519] Output (stdout + stderr) of 'java -jar /home/solution/java/target/spl.jar /home/tests/inttest.spl /home/temp/inttest.spl.s' (Limited to 50 lines/10000 characters):
An error occurred: null
de.thm.mni.compilerbau.utils.NotImplemented
	at de.thm.mni.compilerbau.phases._04a_tablebuild.TableBuilder.buildSymbolTable(TableBuilder.java:32)
	at de.thm.mni.compilerbau.Main.main(Main.java:83)
[2022-02-20 18:52:03.364588] Test not passed.
[2022-02-20 18:52:03.364603] Running Score: 0/24

[2022-02-20 18:52:03.364633] Evaluating multiply.spl with the submitted solution.
[2022-02-20 18:52:03.731629] Submission exited with exit code 1, which is not allowed. Allowed: [0, 99, 140, 100, 101, 102, 103, 104, 105, 106, 107, 108, 109, 110, 111, 112, 113, 114, 115, 116, 117, 118, 119, 120, 121, 122, 123, 124, 125, 126, 127]
[2022-02-20 18:52:03.731702] Output (stdout + stderr) of 'java -jar /home/solution/java/target/spl.jar /home/tests/multiply.spl /home/temp/multiply.spl.s' (Limited to 50 lines/10000 characters):
An error occurred: null
de.thm.mni.compilerbau.utils.NotImplemented
	at de.thm.mni.compilerbau.phases._04a_tablebuild.TableBuilder.buildSymbolTable(TableBuilder.java:32)
	at de.thm.mni.compilerbau.Main.main(Main.java:83)
[2022-02-20 18:52:03.731769] Test not passed.
[2022-02-20 18:52:03.731785] Running Score: 0/25

[2022-02-20 18:52:03.731811] Evaluating partind1.spl with the submitted solution.
[2022-02-20 18:52:04.106793] Submission exited with exit code 1, which is not allowed. Allowed: [0, 99, 140, 100, 101, 102, 103, 104, 105, 106, 107, 108, 109, 110, 111, 112, 113, 114, 115, 116, 117, 118, 119, 120, 121, 122, 123, 124, 125, 126, 127]
[2022-02-20 18:52:04.107943] Output (stdout + stderr) of 'java -jar /home/solution/java/target/spl.jar /home/tests/partind1.spl /home/temp/partind1.spl.s' (Limited to 50 lines/10000 characters):
An error occurred: null
de.thm.mni.compilerbau.utils.NotImplemented
	at de.thm.mni.compilerbau.phases._04a_tablebuild.TableBuilder.buildSymbolTable(TableBuilder.java:32)
	at de.thm.mni.compilerbau.Main.main(Main.java:83)
[2022-02-20 18:52:04.108036] Test not passed.
[2022-02-20 18:52:04.108053] Running Score: 0/26

[2022-02-20 18:52:04.108082] Evaluating partind2.spl with the submitted solution.
[2022-02-20 18:52:04.465819] Submission exited with exit code 1, which is not allowed. Allowed: [0, 99, 140, 100, 101, 102, 103, 104, 105, 106, 107, 108, 109, 110, 111, 112, 113, 114, 115, 116, 117, 118, 119, 120, 121, 122, 123, 124, 125, 126, 127]
[2022-02-20 18:52:04.467135] Output (stdout + stderr) of 'java -jar /home/solution/java/target/spl.jar /home/tests/partind2.spl /home/temp/partind2.spl.s' (Limited to 50 lines/10000 characters):
An error occurred: null
de.thm.mni.compilerbau.utils.NotImplemented
	at de.thm.mni.compilerbau.phases._04a_tablebuild.TableBuilder.buildSymbolTable(TableBuilder.java:32)
	at de.thm.mni.compilerbau.Main.main(Main.java:83)
[2022-02-20 18:52:04.467228] Test not passed.
[2022-02-20 18:52:04.467244] Running Score: 0/27

[2022-02-20 18:52:04.467274] Evaluating swap.spl with the submitted solution.
[2022-02-20 18:52:04.829079] Submission exited with exit code 1, which is not allowed. Allowed: [0, 99, 140, 100, 101, 102, 103, 104, 105, 106, 107, 108, 109, 110, 111, 112, 113, 114, 115, 116, 117, 118, 119, 120, 121, 122, 123, 124, 125, 126, 127]
[2022-02-20 18:52:04.829151] Output (stdout + stderr) of 'java -jar /home/solution/java/target/spl.jar /home/tests/swap.spl /home/temp/swap.spl.s' (Limited to 50 lines/10000 characters):
An error occurred: null
de.thm.mni.compilerbau.utils.NotImplemented
	at de.thm.mni.compilerbau.phases._04a_tablebuild.TableBuilder.buildSymbolTable(TableBuilder.java:32)
	at de.thm.mni.compilerbau.Main.main(Main.java:83)
[2022-02-20 18:52:04.829223] Test not passed.
[2022-02-20 18:52:04.829239] Running Score: 0/28

[2022-02-20 18:52:04.829265] Evaluating test1.spl with the submitted solution.
[2022-02-20 18:52:05.179557] Submission exited with exit code 1, which is not allowed. Allowed: [0, 99, 140, 100, 101, 102, 103, 104, 105, 106, 107, 108, 109, 110, 111, 112, 113, 114, 115, 116, 117, 118, 119, 120, 121, 122, 123, 124, 125, 126, 127]
[2022-02-20 18:52:05.179629] Output (stdout + stderr) of 'java -jar /home/solution/java/target/spl.jar /home/tests/test1.spl /home/temp/test1.spl.s' (Limited to 50 lines/10000 characters):
An error occurred: null
de.thm.mni.compilerbau.utils.NotImplemented
	at de.thm.mni.compilerbau.phases._04a_tablebuild.TableBuilder.buildSymbolTable(TableBuilder.java:32)
	at de.thm.mni.compilerbau.Main.main(Main.java:83)
[2022-02-20 18:52:05.180459] Test not passed.
[2022-02-20 18:52:05.180489] Running Score: 0/29

[2022-02-20 18:52:05.180518] Evaluating test2.spl with the submitted solution.
[2022-02-20 18:52:05.515230] Submission exited with exit code 1, which is not allowed. Allowed: [0, 99, 140, 100, 101, 102, 103, 104, 105, 106, 107, 108, 109, 110, 111, 112, 113, 114, 115, 116, 117, 118, 119, 120, 121, 122, 123, 124, 125, 126, 127]
[2022-02-20 18:52:05.515855] Output (stdout + stderr) of 'java -jar /home/solution/java/target/spl.jar /home/tests/test2.spl /home/temp/test2.spl.s' (Limited to 50 lines/10000 characters):
An error occurred: null
de.thm.mni.compilerbau.utils.NotImplemented
	at de.thm.mni.compilerbau.phases._04a_tablebuild.TableBuilder.buildSymbolTable(TableBuilder.java:32)
	at de.thm.mni.compilerbau.Main.main(Main.java:83)
[2022-02-20 18:52:05.515946] Test not passed.
[2022-02-20 18:52:05.515963] Running Score: 0/30

[2022-02-20 18:52:05.515993] Evaluating test3.spl with the submitted solution.
[2022-02-20 18:52:05.903192] Submission exited with exit code 1, which is not allowed. Allowed: [0, 99, 140, 100, 101, 102, 103, 104, 105, 106, 107, 108, 109, 110, 111, 112, 113, 114, 115, 116, 117, 118, 119, 120, 121, 122, 123, 124, 125, 126, 127]
[2022-02-20 18:52:05.903251] Output (stdout + stderr) of 'java -jar /home/solution/java/target/spl.jar /home/tests/test3.spl /home/temp/test3.spl.s' (Limited to 50 lines/10000 characters):
An error occurred: null
de.thm.mni.compilerbau.utils.NotImplemented
	at de.thm.mni.compilerbau.phases._04a_tablebuild.TableBuilder.buildSymbolTable(TableBuilder.java:32)
	at de.thm.mni.compilerbau.Main.main(Main.java:83)
[2022-02-20 18:52:05.903322] Test not passed.
[2022-02-20 18:52:05.903338] Running Score: 0/31

[2022-02-20 18:52:05.903363] Evaluating test4.spl with the submitted solution.
[2022-02-20 18:52:06.344255] Submission exited with exit code 1, which is not allowed. Allowed: [0, 99, 140, 100, 101, 102, 103, 104, 105, 106, 107, 108, 109, 110, 111, 112, 113, 114, 115, 116, 117, 118, 119, 120, 121, 122, 123, 124, 125, 126, 127]
[2022-02-20 18:52:06.344320] Output (stdout + stderr) of 'java -jar /home/solution/java/target/spl.jar /home/tests/test4.spl /home/temp/test4.spl.s' (Limited to 50 lines/10000 characters):
An error occurred: null
de.thm.mni.compilerbau.utils.NotImplemented
	at de.thm.mni.compilerbau.phases._04a_tablebuild.TableBuilder.buildSymbolTable(TableBuilder.java:32)
	at de.thm.mni.compilerbau.Main.main(Main.java:83)
[2022-02-20 18:52:06.344390] Test not passed.
[2022-02-20 18:52:06.344405] Running Score: 0/32

[2022-02-20 18:52:06.344439] Evaluating test5.spl with the submitted solution.
[2022-02-20 18:52:06.695554] Submission exited with exit code 1, which is not allowed. Allowed: [0, 99, 140, 100, 101, 102, 103, 104, 105, 106, 107, 108, 109, 110, 111, 112, 113, 114, 115, 116, 117, 118, 119, 120, 121, 122, 123, 124, 125, 126, 127]
[2022-02-20 18:52:06.696742] Output (stdout + stderr) of 'java -jar /home/solution/java/target/spl.jar /home/tests/test5.spl /home/temp/test5.spl.s' (Limited to 50 lines/10000 characters):
An error occurred: null
de.thm.mni.compilerbau.utils.NotImplemented
	at de.thm.mni.compilerbau.phases._04a_tablebuild.TableBuilder.buildSymbolTable(TableBuilder.java:32)
	at de.thm.mni.compilerbau.Main.main(Main.java:83)
[2022-02-20 18:52:06.696834] Test not passed.
[2022-02-20 18:52:06.696850] Running Score: 0/33

[2022-02-20 18:52:06.696880] Evaluating test7.spl with the submitted solution.
[2022-02-20 18:52:07.055930] Submission exited with exit code 1, which is not allowed. Allowed: [0, 99, 140, 100, 101, 102, 103, 104, 105, 106, 107, 108, 109, 110, 111, 112, 113, 114, 115, 116, 117, 118, 119, 120, 121, 122, 123, 124, 125, 126, 127]
[2022-02-20 18:52:07.055999] Output (stdout + stderr) of 'java -jar /home/solution/java/target/spl.jar /home/tests/test7.spl /home/temp/test7.spl.s' (Limited to 50 lines/10000 characters):
An error occurred: null
de.thm.mni.compilerbau.utils.NotImplemented
	at de.thm.mni.compilerbau.phases._04a_tablebuild.TableBuilder.buildSymbolTable(TableBuilder.java:32)
	at de.thm.mni.compilerbau.Main.main(Main.java:83)
[2022-02-20 18:52:07.056066] Test not passed.
[2022-02-20 18:52:07.056083] Running Score: 0/34

[2022-02-20 18:52:07.056111] Evaluating test8.spl with the submitted solution.
[2022-02-20 18:52:07.400178] Submission exited with exit code 1, which is not allowed. Allowed: [0, 99, 140, 100, 101, 102, 103, 104, 105, 106, 107, 108, 109, 110, 111, 112, 113, 114, 115, 116, 117, 118, 119, 120, 121, 122, 123, 124, 125, 126, 127]
[2022-02-20 18:52:07.400251] Output (stdout + stderr) of 'java -jar /home/solution/java/target/spl.jar /home/tests/test8.spl /home/temp/test8.spl.s' (Limited to 50 lines/10000 characters):
An error occurred: null
de.thm.mni.compilerbau.utils.NotImplemented
	at de.thm.mni.compilerbau.phases._04a_tablebuild.TableBuilder.buildSymbolTable(TableBuilder.java:32)
	at de.thm.mni.compilerbau.Main.main(Main.java:83)
[2022-02-20 18:52:07.400321] Test not passed.
[2022-02-20 18:52:07.400336] Running Score: 0/35

[2022-02-20 18:52:07.400362] Evaluating test9.spl with the submitted solution.
[2022-02-20 18:52:07.737706] Submission exited with exit code 1, which is not allowed. Allowed: [0, 99, 140, 100, 101, 102, 103, 104, 105, 106, 107, 108, 109, 110, 111, 112, 113, 114, 115, 116, 117, 118, 119, 120, 121, 122, 123, 124, 125, 126, 127]
[2022-02-20 18:52:07.739111] Output (stdout + stderr) of 'java -jar /home/solution/java/target/spl.jar /home/tests/test9.spl /home/temp/test9.spl.s' (Limited to 50 lines/10000 characters):
An error occurred: null
de.thm.mni.compilerbau.utils.NotImplemented
	at de.thm.mni.compilerbau.phases._04a_tablebuild.TableBuilder.buildSymbolTable(TableBuilder.java:32)
	at de.thm.mni.compilerbau.Main.main(Main.java:83)
[2022-02-20 18:52:07.739211] Test not passed.
[2022-02-20 18:52:07.739230] Running Score: 0/36

[2022-02-20 18:52:07.739260] Evaluating threedim.spl with the submitted solution.
[2022-02-20 18:52:08.095977] Submission exited with exit code 1, which is not allowed. Allowed: [0, 99, 140, 100, 101, 102, 103, 104, 105, 106, 107, 108, 109, 110, 111, 112, 113, 114, 115, 116, 117, 118, 119, 120, 121, 122, 123, 124, 125, 126, 127]
[2022-02-20 18:52:08.096042] Output (stdout + stderr) of 'java -jar /home/solution/java/target/spl.jar /home/tests/threedim.spl /home/temp/threedim.spl.s' (Limited to 50 lines/10000 characters):
An error occurred: null
de.thm.mni.compilerbau.utils.NotImplemented
	at de.thm.mni.compilerbau.phases._04a_tablebuild.TableBuilder.buildSymbolTable(TableBuilder.java:32)
	at de.thm.mni.compilerbau.Main.main(Main.java:83)
[2022-02-20 18:52:08.096106] Test not passed.
[2022-02-20 18:52:08.096121] Running Score: 0/37

[2022-02-20 18:52:08.096146] Evaluating twodim.spl with the submitted solution.
[2022-02-20 18:52:08.462196] Submission exited with exit code 1, which is not allowed. Allowed: [0, 99, 140, 100, 101, 102, 103, 104, 105, 106, 107, 108, 109, 110, 111, 112, 113, 114, 115, 116, 117, 118, 119, 120, 121, 122, 123, 124, 125, 126, 127]
[2022-02-20 18:52:08.463396] Output (stdout + stderr) of 'java -jar /home/solution/java/target/spl.jar /home/tests/twodim.spl /home/temp/twodim.spl.s' (Limited to 50 lines/10000 characters):
An error occurred: null
de.thm.mni.compilerbau.utils.NotImplemented
	at de.thm.mni.compilerbau.phases._04a_tablebuild.TableBuilder.buildSymbolTable(TableBuilder.java:32)
	at de.thm.mni.compilerbau.Main.main(Main.java:83)
[2022-02-20 18:52:08.463490] Test not passed.
[2022-02-20 18:52:08.463507] Running Score: 0/38

[2022-02-20 18:52:08.463607] Final score: 0/38 (0%). 
[2022-02-20 18:52:08.463842] 80% are needed to pass.
[2022-02-20 18:52:08.648923] You have NOT PASSED this assignment.
[2022-02-20 18:52:08.649310] You can try again. Deadline: 20.02.2022 23:59

[2022-02-20 18:52:11.892529] === END Evaluation Log
[2022-02-20 18:52:11.892732] NOTE: This evaluation log is also available at '/mnt/c/users/msall/documents/uni/CB/.submitscript/data/assignments/Aufgabe-2/submissions/[evaluated] 4ef15c7a-aee1-413c-bb68-4ca954e164da/evaluation.log'
[2022-02-20 18:52:11.892965] 
